{"/home/travis/build/npmtest/node-npmtest-s3/test.js":{"path":"/home/travis/build/npmtest/node-npmtest-s3/test.js","s":{"1":2,"2":2,"3":2,"4":2,"5":2,"6":2,"7":2,"8":1,"9":2,"10":2,"11":1,"12":1,"13":1,"14":1,"15":2,"16":2,"17":2,"18":2,"19":1,"20":1,"21":2,"22":2,"23":2,"24":1,"25":1,"26":1,"27":1,"28":1,"29":1,"30":1,"31":1,"32":1,"33":1,"34":1,"35":1,"36":1,"37":2,"38":2,"39":1,"40":2,"41":2,"42":1,"43":2,"44":2,"45":1,"46":2,"47":2,"48":1,"49":1,"50":1,"51":1,"52":1},"b":{"1":[2,1,1,1],"2":[1,1,1,1],"3":[1,1],"4":[1,1],"5":[1,1],"6":[1,1],"7":[1,1],"8":[1,1],"9":[1,1,1],"10":[1,1],"11":[1,1],"12":[1,1],"13":[1,1],"14":[1,1],"15":[1,1],"16":[1,1]},"f":{"1":2,"2":2,"3":2,"4":2,"5":2,"6":1,"7":1,"8":2,"9":2,"10":2,"11":2,"12":1},"fnMap":{"1":{"name":"(anonymous_1)","line":12,"loc":{"start":{"line":12,"column":1},"end":{"line":12,"column":13}}},"2":{"name":"(anonymous_2)","line":19,"loc":{"start":{"line":19,"column":5},"end":{"line":19,"column":17}}},"3":{"name":"(anonymous_3)","line":23,"loc":{"start":{"line":23,"column":24},"end":{"line":23,"column":36}}},"4":{"name":"(anonymous_4)","line":61,"loc":{"start":{"line":61,"column":5},"end":{"line":61,"column":17}}},"5":{"name":"(anonymous_5)","line":82,"loc":{"start":{"line":82,"column":5},"end":{"line":82,"column":17}}},"6":{"name":"(anonymous_6)","line":102,"loc":{"start":{"line":102,"column":83},"end":{"line":105,"column":10}},"skip":true},"7":{"name":"(anonymous_7)","line":113,"loc":{"start":{"line":113,"column":77},"end":{"line":116,"column":10}},"skip":true},"8":{"name":"(anonymous_8)","line":129,"loc":{"start":{"line":129,"column":12},"end":{"line":129,"column":40}},"skip":true},"9":{"name":"(anonymous_9)","line":137,"loc":{"start":{"line":137,"column":77},"end":{"line":140,"column":10}},"skip":true},"10":{"name":"(anonymous_10)","line":148,"loc":{"start":{"line":148,"column":83},"end":{"line":151,"column":10}},"skip":true},"11":{"name":"(anonymous_11)","line":159,"loc":{"start":{"line":159,"column":79},"end":{"line":162,"column":10}},"skip":true},"12":{"name":"(anonymous_12)","line":170,"loc":{"start":{"line":170,"column":75},"end":{"line":173,"column":10}},"skip":true}},"statementMap":{"1":{"start":{"line":12,"column":0},"end":{"line":185,"column":5}},"2":{"start":{"line":14,"column":4},"end":{"line":14,"column":14}},"3":{"start":{"line":19,"column":4},"end":{"line":56,"column":9}},"4":{"start":{"line":21,"column":8},"end":{"line":21,"column":19}},"5":{"start":{"line":23,"column":8},"end":{"line":35,"column":13}},"6":{"start":{"line":24,"column":12},"end":{"line":34,"column":13}},"7":{"start":{"line":25,"column":16},"end":{"line":28,"column":30}},"8":{"start":{"line":30,"column":16},"end":{"line":33,"column":27}},"9":{"start":{"line":37,"column":8},"end":{"line":39,"column":21}},"10":{"start":{"line":40,"column":8},"end":{"line":53,"column":9}},"11":{"start":{"line":43,"column":12},"end":{"line":46,"column":14}},"12":{"start":{"line":47,"column":12},"end":{"line":47,"column":18}},"13":{"start":{"line":50,"column":12},"end":{"line":51,"column":46}},"14":{"start":{"line":52,"column":12},"end":{"line":52,"column":18}},"15":{"start":{"line":55,"column":8},"end":{"line":55,"column":35}},"16":{"start":{"line":61,"column":4},"end":{"line":63,"column":9}},"17":{"start":{"line":62,"column":8},"end":{"line":62,"column":15}},"18":{"start":{"line":64,"column":4},"end":{"line":77,"column":5}},"19":{"start":{"line":70,"column":8},"end":{"line":70,"column":14}},"20":{"start":{"line":76,"column":8},"end":{"line":76,"column":14}},"21":{"start":{"line":82,"column":4},"end":{"line":84,"column":9}},"22":{"start":{"line":83,"column":8},"end":{"line":83,"column":15}},"23":{"start":{"line":85,"column":4},"end":{"line":184,"column":5}},"24":{"start":{"line":92,"column":8},"end":{"line":94,"column":63}},"25":{"start":{"line":95,"column":8},"end":{"line":95,"column":14}},"26":{"start":{"line":102,"column":8},"end":{"line":111,"column":10},"skip":true},"27":{"start":{"line":109,"column":12},"end":{"line":109,"column":55},"skip":true},"28":{"start":{"line":110,"column":12},"end":{"line":110,"column":48},"skip":true},"29":{"start":{"line":113,"column":8},"end":{"line":126,"column":10},"skip":true},"30":{"start":{"line":120,"column":12},"end":{"line":120,"column":76},"skip":true},"31":{"start":{"line":121,"column":12},"end":{"line":121,"column":73},"skip":true},"32":{"start":{"line":122,"column":12},"end":{"line":122,"column":74},"skip":true},"33":{"start":{"line":123,"column":12},"end":{"line":123,"column":79},"skip":true},"34":{"start":{"line":124,"column":12},"end":{"line":124,"column":25},"skip":true},"35":{"start":{"line":125,"column":12},"end":{"line":125,"column":45},"skip":true},"36":{"start":{"line":128,"column":8},"end":{"line":135,"column":14},"skip":true},"37":{"start":{"line":133,"column":16},"end":{"line":133,"column":29},"skip":true},"38":{"start":{"line":134,"column":16},"end":{"line":134,"column":55},"skip":true},"39":{"start":{"line":137,"column":8},"end":{"line":146,"column":10},"skip":true},"40":{"start":{"line":144,"column":12},"end":{"line":144,"column":25},"skip":true},"41":{"start":{"line":145,"column":12},"end":{"line":145,"column":45},"skip":true},"42":{"start":{"line":148,"column":8},"end":{"line":157,"column":10},"skip":true},"43":{"start":{"line":155,"column":12},"end":{"line":155,"column":25},"skip":true},"44":{"start":{"line":156,"column":12},"end":{"line":156,"column":48},"skip":true},"45":{"start":{"line":159,"column":8},"end":{"line":168,"column":10},"skip":true},"46":{"start":{"line":166,"column":12},"end":{"line":166,"column":25},"skip":true},"47":{"start":{"line":167,"column":12},"end":{"line":167,"column":46},"skip":true},"48":{"start":{"line":170,"column":8},"end":{"line":179,"column":10},"skip":true},"49":{"start":{"line":177,"column":12},"end":{"line":177,"column":94},"skip":true},"50":{"start":{"line":178,"column":12},"end":{"line":178,"column":48},"skip":true},"51":{"start":{"line":182,"column":8},"end":{"line":182,"column":35},"skip":true},"52":{"start":{"line":183,"column":8},"end":{"line":183,"column":14},"skip":true}},"branchMap":{"1":{"line":25,"type":"binary-expr","locations":[{"start":{"line":25,"column":23},"end":{"line":25,"column":62}},{"start":{"line":26,"column":20},"end":{"line":26,"column":70}},{"start":{"line":27,"column":20},"end":{"line":27,"column":71}},{"start":{"line":28,"column":20},"end":{"line":28,"column":29}}]},"2":{"line":30,"type":"binary-expr","locations":[{"start":{"line":30,"column":23},"end":{"line":30,"column":37}},{"start":{"line":31,"column":20},"end":{"line":31,"column":61}},{"start":{"line":32,"column":20},"end":{"line":32,"column":70}},{"start":{"line":33,"column":20},"end":{"line":33,"column":26}}]},"3":{"line":37,"type":"cond-expr","locations":[{"start":{"line":38,"column":14},"end":{"line":38,"column":20}},{"start":{"line":39,"column":14},"end":{"line":39,"column":20}}]},"4":{"line":40,"type":"switch","locations":[{"start":{"line":42,"column":8},"end":{"line":47,"column":18}},{"start":{"line":49,"column":8},"end":{"line":52,"column":18}}]},"5":{"line":44,"type":"binary-expr","locations":[{"start":{"line":44,"column":16},"end":{"line":44,"column":44}},{"start":{"line":44,"column":48},"end":{"line":44,"column":66}}]},"6":{"line":50,"type":"binary-expr","locations":[{"start":{"line":50,"column":21},"end":{"line":50,"column":49}},{"start":{"line":50,"column":53},"end":{"line":50,"column":72}}]},"7":{"line":64,"type":"switch","locations":[{"start":{"line":69,"column":4},"end":{"line":70,"column":14}},{"start":{"line":75,"column":4},"end":{"line":76,"column":14}}]},"8":{"line":85,"type":"switch","locations":[{"start":{"line":90,"column":4},"end":{"line":95,"column":14}},{"start":{"line":101,"column":4},"end":{"line":183,"column":14},"skip":true}]},"9":{"line":92,"type":"binary-expr","locations":[{"start":{"line":92,"column":18},"end":{"line":92,"column":32}},{"start":{"line":93,"column":12},"end":{"line":93,"column":53}},{"start":{"line":94,"column":12},"end":{"line":94,"column":61}}]},"10":{"line":102,"type":"binary-expr","locations":[{"start":{"line":102,"column":45},"end":{"line":102,"column":79},"skip":true},{"start":{"line":102,"column":83},"end":{"line":111,"column":9},"skip":true}]},"11":{"line":113,"type":"binary-expr","locations":[{"start":{"line":113,"column":42},"end":{"line":113,"column":73},"skip":true},{"start":{"line":113,"column":77},"end":{"line":126,"column":9},"skip":true}]},"12":{"line":128,"type":"binary-expr","locations":[{"start":{"line":128,"column":48},"end":{"line":128,"column":85},"skip":true},{"start":{"line":129,"column":12},"end":{"line":135,"column":13},"skip":true}]},"13":{"line":137,"type":"binary-expr","locations":[{"start":{"line":137,"column":42},"end":{"line":137,"column":73},"skip":true},{"start":{"line":137,"column":77},"end":{"line":146,"column":9},"skip":true}]},"14":{"line":148,"type":"binary-expr","locations":[{"start":{"line":148,"column":45},"end":{"line":148,"column":79},"skip":true},{"start":{"line":148,"column":83},"end":{"line":157,"column":9},"skip":true}]},"15":{"line":159,"type":"binary-expr","locations":[{"start":{"line":159,"column":43},"end":{"line":159,"column":75},"skip":true},{"start":{"line":159,"column":79},"end":{"line":168,"column":9},"skip":true}]},"16":{"line":170,"type":"binary-expr","locations":[{"start":{"line":170,"column":41},"end":{"line":170,"column":71},"skip":true},{"start":{"line":170,"column":75},"end":{"line":179,"column":9},"skip":true}]}},"code":["/* istanbul instrument in package npmtest_s3 */","/*jslint","    bitwise: true,","    browser: true,","    maxerr: 8,","    maxlen: 96,","    node: true,","    nomen: true,","    regexp: true,","    stupid: true","*/","(function () {","    'use strict';","    var local;","","","","    // run shared js-env code - pre-init","    (function () {","        // init local","        local = {};","        // init modeJs","        local.modeJs = (function () {","            try {","                return typeof navigator.userAgent === 'string' &&","                    typeof document.querySelector('body') === 'object' &&","                    typeof XMLHttpRequest.prototype.open === 'function' &&","                    'browser';","            } catch (errorCaughtBrowser) {","                return module.exports &&","                    typeof process.versions.node === 'string' &&","                    typeof require('http').createServer === 'function' &&","                    'node';","            }","        }());","        // init global","        local.global = local.modeJs === 'browser'","            ? window","            : global;","        switch (local.modeJs) {","        // re-init local from window.local","        case 'browser':","            local = local.global.utility2.objectSetDefault(","                local.global.utility2_rollup || local.global.local,","                local.global.utility2","            );","            break;","        // re-init local from example.js","        case 'node':","            local = (local.global.utility2_rollup || require('utility2'))","                .requireExampleJsFromReadme();","            break;","        }","        // export local","        local.global.local = local;","    }());","","","","    // run shared js-env code - function","    (function () {","        return;","    }());","    switch (local.modeJs) {","","","","    // run browser js-env code - function","    case 'browser':","        break;","","","","    // run node js-env code - function","    case 'node':","        break;","    }","","","","    // run shared js-env code - post-init","    (function () {","        return;","    }());","    switch (local.modeJs) {","","","","    // run browser js-env code - post-init","    case 'browser':","        // run tests","        local.nop(local.modeTest &&","            document.querySelector('#testRunButton1') &&","            document.querySelector('#testRunButton1').click());","        break;","","","","    // run node js-env code - post-init","    /* istanbul ignore next */","    case 'node':","        local.testCase_buildApidoc_default = local.testCase_buildApidoc_default || function (","            options,","            onError","        ) {","        /*","         * this function will test buildApidoc's default handling-behavior-behavior","         */","            options = { modulePathList: module.paths };","            local.buildApidoc(options, onError);","        };","","        local.testCase_buildApp_default = local.testCase_buildApp_default || function (","            options,","            onError","        ) {","        /*","         * this function will test buildApp's default handling-behavior-behavior","         */","            local.testCase_buildReadme_default(options, local.onErrorThrow);","            local.testCase_buildLib_default(options, local.onErrorThrow);","            local.testCase_buildTest_default(options, local.onErrorThrow);","            local.testCase_buildCustomOrg_default(options, local.onErrorThrow);","            options = [];","            local.buildApp(options, onError);","        };","","        local.testCase_buildCustomOrg_default = local.testCase_buildCustomOrg_default ||","            function (options, onError) {","            /*","             * this function will test buildCustomOrg's default handling-behavior","             */","                options = {};","                local.buildCustomOrg(options, onError);","            };","","        local.testCase_buildLib_default = local.testCase_buildLib_default || function (","            options,","            onError","        ) {","        /*","         * this function will test buildLib's default handling-behavior","         */","            options = {};","            local.buildLib(options, onError);","        };","","        local.testCase_buildReadme_default = local.testCase_buildReadme_default || function (","            options,","            onError","        ) {","        /*","         * this function will test buildReadme's default handling-behavior-behavior","         */","            options = {};","            local.buildReadme(options, onError);","        };","","        local.testCase_buildTest_default = local.testCase_buildTest_default || function (","            options,","            onError","        ) {","        /*","         * this function will test buildTest's default handling-behavior","         */","            options = {};","            local.buildTest(options, onError);","        };","","        local.testCase_webpage_default = local.testCase_webpage_default || function (","            options,","            onError","        ) {","        /*","         * this function will test webpage's default handling-behavior","         */","            options = { modeCoverageMerge: true, url: local.serverLocalHost + '?modeTest=1' };","            local.browserTest(options, onError);","        };","","        // run test-server","        local.testRunServer(local);","        break;","    }","}());",""],"l":{"12":2,"14":2,"19":2,"21":2,"23":2,"24":2,"25":2,"30":1,"37":2,"40":2,"43":1,"47":1,"50":1,"52":1,"55":2,"61":2,"62":2,"64":2,"70":1,"76":1,"82":2,"83":2,"85":2,"92":1,"95":1,"102":1,"109":1,"110":1,"113":1,"120":1,"121":1,"122":1,"123":1,"124":1,"125":1,"128":1,"133":2,"134":2,"137":1,"144":2,"145":2,"148":1,"155":2,"156":2,"159":1,"166":2,"167":2,"170":1,"177":1,"178":1,"182":1,"183":1}},"/home/travis/build/npmtest/node-npmtest-s3/lib.npmtest_s3.js":{"path":"/home/travis/build/npmtest/node-npmtest-s3/lib.npmtest_s3.js","s":{"1":2,"2":2,"3":2,"4":2,"5":2,"6":2,"7":2,"8":1,"9":2,"10":2,"11":2,"12":2,"13":1,"14":1,"15":1,"16":1},"b":{"1":[2,1,1,1],"2":[1,1,1,1],"3":[1,1],"4":[2,2],"5":[1,1]},"f":{"1":2,"2":2,"3":2},"fnMap":{"1":{"name":"(anonymous_1)","line":12,"loc":{"start":{"line":12,"column":1},"end":{"line":12,"column":13}}},"2":{"name":"(anonymous_2)","line":19,"loc":{"start":{"line":19,"column":5},"end":{"line":19,"column":17}}},"3":{"name":"(anonymous_3)","line":23,"loc":{"start":{"line":23,"column":24},"end":{"line":23,"column":36}}}},"statementMap":{"1":{"start":{"line":12,"column":0},"end":{"line":53,"column":5}},"2":{"start":{"line":14,"column":4},"end":{"line":14,"column":14}},"3":{"start":{"line":19,"column":4},"end":{"line":52,"column":9}},"4":{"start":{"line":21,"column":8},"end":{"line":21,"column":19}},"5":{"start":{"line":23,"column":8},"end":{"line":35,"column":13}},"6":{"start":{"line":24,"column":12},"end":{"line":34,"column":13}},"7":{"start":{"line":25,"column":16},"end":{"line":28,"column":30}},"8":{"start":{"line":30,"column":16},"end":{"line":33,"column":27}},"9":{"start":{"line":37,"column":8},"end":{"line":39,"column":21}},"10":{"start":{"line":41,"column":8},"end":{"line":41,"column":54}},"11":{"start":{"line":43,"column":8},"end":{"line":43,"column":47}},"12":{"start":{"line":45,"column":8},"end":{"line":51,"column":9}},"13":{"start":{"line":46,"column":12},"end":{"line":46,"column":53}},"14":{"start":{"line":48,"column":12},"end":{"line":48,"column":35}},"15":{"start":{"line":49,"column":12},"end":{"line":49,"column":49}},"16":{"start":{"line":50,"column":12},"end":{"line":50,"column":43}}},"branchMap":{"1":{"line":25,"type":"binary-expr","locations":[{"start":{"line":25,"column":23},"end":{"line":25,"column":62}},{"start":{"line":26,"column":20},"end":{"line":26,"column":70}},{"start":{"line":27,"column":20},"end":{"line":27,"column":71}},{"start":{"line":28,"column":20},"end":{"line":28,"column":29}}]},"2":{"line":30,"type":"binary-expr","locations":[{"start":{"line":30,"column":23},"end":{"line":30,"column":37}},{"start":{"line":31,"column":20},"end":{"line":31,"column":61}},{"start":{"line":32,"column":20},"end":{"line":32,"column":70}},{"start":{"line":33,"column":20},"end":{"line":33,"column":26}}]},"3":{"line":37,"type":"cond-expr","locations":[{"start":{"line":38,"column":14},"end":{"line":38,"column":20}},{"start":{"line":39,"column":14},"end":{"line":39,"column":20}}]},"4":{"line":41,"type":"binary-expr","locations":[{"start":{"line":41,"column":16},"end":{"line":41,"column":44}},{"start":{"line":41,"column":48},"end":{"line":41,"column":53}}]},"5":{"line":45,"type":"if","locations":[{"start":{"line":45,"column":8},"end":{"line":45,"column":8}},{"start":{"line":45,"column":8},"end":{"line":45,"column":8}}]}},"code":["/* istanbul instrument in package npmtest_s3 */","/*jslint","    bitwise: true,","    browser: true,","    maxerr: 8,","    maxlen: 96,","    node: true,","    nomen: true,","    regexp: true,","    stupid: true","*/","(function () {","    'use strict';","    var local;","","","","    // run shared js-env code - pre-init","    (function () {","        // init local","        local = {};","        // init modeJs","        local.modeJs = (function () {","            try {","                return typeof navigator.userAgent === 'string' &&","                    typeof document.querySelector('body') === 'object' &&","                    typeof XMLHttpRequest.prototype.open === 'function' &&","                    'browser';","            } catch (errorCaughtBrowser) {","                return module.exports &&","                    typeof process.versions.node === 'string' &&","                    typeof require('http').createServer === 'function' &&","                    'node';","            }","        }());","        // init global","        local.global = local.modeJs === 'browser'","            ? window","            : global;","        // init utility2_rollup","        local = local.global.utility2_rollup || local;","        // init lib","        local.local = local.npmtest_s3 = local;","        // init exports","        if (local.modeJs === 'browser') {","            local.global.utility2_npmtest_s3 = local;","        } else {","            module.exports = local;","            module.exports.__dirname = __dirname;","            module.exports.module = module;","        }","    }());","}());",""],"l":{"12":2,"14":2,"19":2,"21":2,"23":2,"24":2,"25":2,"30":1,"37":2,"41":2,"43":2,"45":2,"46":1,"48":1,"49":1,"50":1}},"/home/travis/build/npmtest/node-npmtest-s3/example.js":{"path":"/home/travis/build/npmtest/node-npmtest-s3/example.js","s":{"1":2,"2":2,"3":2,"4":2,"5":2,"6":2,"7":2,"8":1,"9":2,"10":2,"11":2,"12":2,"13":1,"14":2,"15":2,"16":2,"17":2,"18":2,"19":0,"20":2,"21":1,"22":1,"23":1,"24":1,"25":1,"26":0,"27":0,"28":1,"29":1,"30":2,"31":0,"32":0,"33":0,"34":1,"35":2,"36":2,"37":2,"38":2,"39":2,"40":2,"41":0,"42":2,"43":2,"44":2,"45":1,"46":3,"47":1,"48":1,"49":1,"50":1,"51":1,"52":1,"53":1,"54":1,"55":1,"56":1,"57":0,"58":1,"59":6,"60":6,"61":1,"62":2,"63":0,"64":2,"65":1,"66":1,"67":0,"68":0,"69":0,"70":0,"71":0,"72":0,"73":0,"74":0,"75":0,"76":0,"77":0,"78":0,"79":0,"80":0,"81":0,"82":0,"83":0},"b":{"1":[2,1,1,1],"2":[1,1,1,1],"3":[1,1],"4":[2,2],"5":[1,1],"6":[1,1],"7":[2,0],"8":[2,1,1,1,1,1],"9":[0,2,0],"10":[1,1],"11":[2,1,1],"12":[1,0],"13":[0,2],"14":[2,0,0,0,0,0,0],"15":[0,2],"16":[2,0],"17":[1,1],"18":[0,1],"19":[1,2,0,2],"20":[1,0],"21":[1,1],"22":[0,0],"23":[0,0],"24":[0,0],"25":[0,0],"26":[0,0],"27":[0,0],"28":[0,0]},"f":{"1":2,"2":2,"3":2,"4":2,"5":2,"6":2,"7":2,"8":2,"9":3,"10":1,"11":6,"12":0},"fnMap":{"1":{"name":"(anonymous_1)","line":26,"loc":{"start":{"line":26,"column":1},"end":{"line":26,"column":13}}},"2":{"name":"(anonymous_2)","line":33,"loc":{"start":{"line":33,"column":5},"end":{"line":33,"column":17}}},"3":{"name":"(anonymous_3)","line":37,"loc":{"start":{"line":37,"column":24},"end":{"line":37,"column":36}}},"4":{"name":"(anonymous_4)","line":69,"loc":{"start":{"line":69,"column":31},"end":{"line":69,"column":48}},"skip":true},"5":{"name":"(anonymous_5)","line":78,"loc":{"start":{"line":78,"column":26},"end":{"line":78,"column":45}},"skip":true},"6":{"name":"(anonymous_6)","line":123,"loc":{"start":{"line":123,"column":33},"end":{"line":123,"column":48}},"skip":true},"7":{"name":"(anonymous_7)","line":125,"loc":{"start":{"line":125,"column":27},"end":{"line":125,"column":39}},"skip":true},"8":{"name":"(anonymous_8)","line":133,"loc":{"start":{"line":133,"column":59},"end":{"line":133,"column":74}},"skip":true},"9":{"name":"(anonymous_9)","line":143,"loc":{"start":{"line":143,"column":45},"end":{"line":143,"column":62}},"skip":true},"10":{"name":"(anonymous_10)","line":144,"loc":{"start":{"line":144,"column":73},"end":{"line":144,"column":92}},"skip":true},"11":{"name":"(anonymous_11)","line":272,"loc":{"start":{"line":272,"column":51},"end":{"line":272,"column":77}},"skip":true},"12":{"name":"(anonymous_12)","line":314,"loc":{"start":{"line":314,"column":32},"end":{"line":314,"column":61}},"skip":true}},"statementMap":{"1":{"start":{"line":26,"column":0},"end":{"line":325,"column":5}},"2":{"start":{"line":28,"column":4},"end":{"line":28,"column":14}},"3":{"start":{"line":33,"column":4},"end":{"line":60,"column":9}},"4":{"start":{"line":35,"column":8},"end":{"line":35,"column":19}},"5":{"start":{"line":37,"column":8},"end":{"line":49,"column":13}},"6":{"start":{"line":38,"column":12},"end":{"line":48,"column":13}},"7":{"start":{"line":39,"column":16},"end":{"line":42,"column":30}},"8":{"start":{"line":44,"column":16},"end":{"line":47,"column":27}},"9":{"start":{"line":51,"column":8},"end":{"line":53,"column":21}},"10":{"start":{"line":55,"column":8},"end":{"line":57,"column":45}},"11":{"start":{"line":59,"column":8},"end":{"line":59,"column":35}},"12":{"start":{"line":61,"column":4},"end":{"line":324,"column":5}},"13":{"start":{"line":69,"column":8},"end":{"line":121,"column":10},"skip":true},"14":{"start":{"line":70,"column":12},"end":{"line":88,"column":13},"skip":true},"15":{"start":{"line":76,"column":16},"end":{"line":87,"column":19},"skip":true},"16":{"start":{"line":79,"column":20},"end":{"line":86,"column":21},"skip":true},"17":{"start":{"line":82,"column":24},"end":{"line":82,"column":43},"skip":true},"18":{"start":{"line":83,"column":24},"end":{"line":83,"column":30},"skip":true},"19":{"start":{"line":85,"column":24},"end":{"line":85,"column":49},"skip":true},"20":{"start":{"line":89,"column":12},"end":{"line":107,"column":13},"skip":true},"21":{"start":{"line":92,"column":16},"end":{"line":102,"column":17},"skip":true},"22":{"start":{"line":93,"column":20},"end":{"line":93,"column":86},"skip":true},"23":{"start":{"line":94,"column":20},"end":{"line":95,"column":45},"skip":true},"24":{"start":{"line":96,"column":20},"end":{"line":96,"column":42},"skip":true},"25":{"start":{"line":97,"column":20},"end":{"line":97,"column":48},"skip":true},"26":{"start":{"line":100,"column":20},"end":{"line":100,"column":85},"skip":true},"27":{"start":{"line":101,"column":20},"end":{"line":101,"column":96},"skip":true},"28":{"start":{"line":103,"column":16},"end":{"line":103,"column":22},"skip":true},"29":{"start":{"line":106,"column":16},"end":{"line":106,"column":22},"skip":true},"30":{"start":{"line":108,"column":12},"end":{"line":120,"column":13},"skip":true},"31":{"start":{"line":114,"column":16},"end":{"line":119,"column":17},"skip":true},"32":{"start":{"line":116,"column":20},"end":{"line":116,"column":78},"skip":true},"33":{"start":{"line":118,"column":20},"end":{"line":118,"column":47},"skip":true},"34":{"start":{"line":123,"column":8},"end":{"line":141,"column":11},"skip":true},"35":{"start":{"line":124,"column":12},"end":{"line":124,"column":54},"skip":true},"36":{"start":{"line":125,"column":12},"end":{"line":140,"column":14},"skip":true},"37":{"start":{"line":126,"column":16},"end":{"line":126,"column":28},"skip":true},"38":{"start":{"line":127,"column":16},"end":{"line":127,"column":69},"skip":true},"39":{"start":{"line":128,"column":16},"end":{"line":128,"column":75},"skip":true},"40":{"start":{"line":129,"column":16},"end":{"line":131,"column":17},"skip":true},"41":{"start":{"line":130,"column":20},"end":{"line":130,"column":27},"skip":true},"42":{"start":{"line":133,"column":16},"end":{"line":137,"column":36},"skip":true},"43":{"start":{"line":134,"column":20},"end":{"line":136,"column":55},"skip":true},"44":{"start":{"line":139,"column":16},"end":{"line":139,"column":57},"skip":true},"45":{"start":{"line":143,"column":8},"end":{"line":147,"column":11},"skip":true},"46":{"start":{"line":144,"column":12},"end":{"line":146,"column":15},"skip":true},"47":{"start":{"line":145,"column":16},"end":{"line":145,"column":70},"skip":true},"48":{"start":{"line":149,"column":8},"end":{"line":149,"column":31},"skip":true},"49":{"start":{"line":150,"column":8},"end":{"line":150,"column":14},"skip":true},"50":{"start":{"line":158,"column":8},"end":{"line":158,"column":31},"skip":true},"51":{"start":{"line":160,"column":8},"end":{"line":160,"column":33},"skip":true},"52":{"start":{"line":161,"column":8},"end":{"line":161,"column":37},"skip":true},"53":{"start":{"line":162,"column":8},"end":{"line":162,"column":35},"skip":true},"54":{"start":{"line":164,"column":8},"end":{"line":164,"column":50},"skip":true},"55":{"start":{"line":166,"column":8},"end":{"line":256,"column":2},"skip":true},"56":{"start":{"line":258,"column":8},"end":{"line":286,"column":9},"skip":true},"57":{"start":{"line":259,"column":12},"end":{"line":269,"column":14},"skip":true},"58":{"start":{"line":271,"column":12},"end":{"line":285,"column":19},"skip":true},"59":{"start":{"line":274,"column":20},"end":{"line":274,"column":35},"skip":true},"60":{"start":{"line":275,"column":20},"end":{"line":284,"column":21},"skip":true},"61":{"start":{"line":277,"column":24},"end":{"line":277,"column":64},"skip":true},"62":{"start":{"line":279,"column":24},"end":{"line":279,"column":40},"skip":true},"63":{"start":{"line":281,"column":24},"end":{"line":281,"column":40},"skip":true},"64":{"start":{"line":283,"column":24},"end":{"line":283,"column":39},"skip":true},"65":{"start":{"line":288,"column":8},"end":{"line":290,"column":9},"skip":true},"66":{"start":{"line":289,"column":12},"end":{"line":289,"column":18},"skip":true},"67":{"start":{"line":291,"column":8},"end":{"line":293,"column":54},"skip":true},"68":{"start":{"line":294,"column":8},"end":{"line":301,"column":37},"skip":true},"69":{"start":{"line":302,"column":8},"end":{"line":302,"column":82},"skip":true},"70":{"start":{"line":305,"column":8},"end":{"line":307,"column":9},"skip":true},"71":{"start":{"line":306,"column":12},"end":{"line":306,"column":82},"skip":true},"72":{"start":{"line":309,"column":8},"end":{"line":311,"column":9},"skip":true},"73":{"start":{"line":310,"column":12},"end":{"line":310,"column":18},"skip":true},"74":{"start":{"line":312,"column":8},"end":{"line":312,"column":54},"skip":true},"75":{"start":{"line":313,"column":8},"end":{"line":313,"column":69},"skip":true},"76":{"start":{"line":314,"column":8},"end":{"line":322,"column":36},"skip":true},"77":{"start":{"line":315,"column":12},"end":{"line":315,"column":61},"skip":true},"78":{"start":{"line":316,"column":12},"end":{"line":319,"column":13},"skip":true},"79":{"start":{"line":317,"column":16},"end":{"line":317,"column":75},"skip":true},"80":{"start":{"line":318,"column":16},"end":{"line":318,"column":23},"skip":true},"81":{"start":{"line":320,"column":12},"end":{"line":320,"column":38},"skip":true},"82":{"start":{"line":321,"column":12},"end":{"line":321,"column":27},"skip":true},"83":{"start":{"line":323,"column":8},"end":{"line":323,"column":14},"skip":true}},"branchMap":{"1":{"line":39,"type":"binary-expr","locations":[{"start":{"line":39,"column":23},"end":{"line":39,"column":62}},{"start":{"line":40,"column":20},"end":{"line":40,"column":70}},{"start":{"line":41,"column":20},"end":{"line":41,"column":71}},{"start":{"line":42,"column":20},"end":{"line":42,"column":29}}]},"2":{"line":44,"type":"binary-expr","locations":[{"start":{"line":44,"column":23},"end":{"line":44,"column":37}},{"start":{"line":45,"column":20},"end":{"line":45,"column":61}},{"start":{"line":46,"column":20},"end":{"line":46,"column":70}},{"start":{"line":47,"column":20},"end":{"line":47,"column":26}}]},"3":{"line":51,"type":"cond-expr","locations":[{"start":{"line":52,"column":14},"end":{"line":52,"column":20}},{"start":{"line":53,"column":14},"end":{"line":53,"column":20}}]},"4":{"line":55,"type":"binary-expr","locations":[{"start":{"line":55,"column":16},"end":{"line":55,"column":44}},{"start":{"line":55,"column":49},"end":{"line":57,"column":43}}]},"5":{"line":55,"type":"cond-expr","locations":[{"start":{"line":56,"column":14},"end":{"line":56,"column":46}},{"start":{"line":57,"column":14},"end":{"line":57,"column":43}}]},"6":{"line":61,"type":"switch","locations":[{"start":{"line":68,"column":4},"end":{"line":150,"column":14},"skip":true},{"start":{"line":156,"column":4},"end":{"line":323,"column":14},"skip":true}]},"7":{"line":70,"type":"if","locations":[{"start":{"line":70,"column":12},"end":{"line":70,"column":12},"skip":true},{"start":{"line":70,"column":12},"end":{"line":70,"column":12},"skip":true}]},"8":{"line":70,"type":"binary-expr","locations":[{"start":{"line":70,"column":16},"end":{"line":70,"column":22},"skip":true},{"start":{"line":70,"column":27},"end":{"line":70,"column":32},"skip":true},{"start":{"line":71,"column":20},"end":{"line":71,"column":39},"skip":true},{"start":{"line":72,"column":20},"end":{"line":72,"column":49},"skip":true},{"start":{"line":73,"column":20},"end":{"line":73,"column":58},"skip":true},{"start":{"line":74,"column":20},"end":{"line":74,"column":69},"skip":true}]},"9":{"line":79,"type":"switch","locations":[{"start":{"line":80,"column":20},"end":{"line":80,"column":33},"skip":true},{"start":{"line":81,"column":20},"end":{"line":83,"column":30},"skip":true},{"start":{"line":84,"column":20},"end":{"line":85,"column":49},"skip":true}]},"10":{"line":89,"type":"switch","locations":[{"start":{"line":90,"column":12},"end":{"line":103,"column":22},"skip":true},{"start":{"line":105,"column":12},"end":{"line":106,"column":22},"skip":true}]},"11":{"line":89,"type":"binary-expr","locations":[{"start":{"line":89,"column":20},"end":{"line":89,"column":25},"skip":true},{"start":{"line":89,"column":29},"end":{"line":89,"column":48},"skip":true},{"start":{"line":89,"column":52},"end":{"line":89,"column":74},"skip":true}]},"12":{"line":92,"type":"if","locations":[{"start":{"line":92,"column":16},"end":{"line":92,"column":16},"skip":true},{"start":{"line":92,"column":16},"end":{"line":92,"column":16},"skip":true}]},"13":{"line":108,"type":"if","locations":[{"start":{"line":108,"column":12},"end":{"line":108,"column":12},"skip":true},{"start":{"line":108,"column":12},"end":{"line":108,"column":12},"skip":true}]},"14":{"line":108,"type":"binary-expr","locations":[{"start":{"line":108,"column":16},"end":{"line":108,"column":61},"skip":true},{"start":{"line":108,"column":66},"end":{"line":108,"column":72},"skip":true},{"start":{"line":108,"column":77},"end":{"line":108,"column":82},"skip":true},{"start":{"line":109,"column":20},"end":{"line":109,"column":39},"skip":true},{"start":{"line":110,"column":20},"end":{"line":110,"column":49},"skip":true},{"start":{"line":111,"column":20},"end":{"line":111,"column":58},"skip":true},{"start":{"line":112,"column":20},"end":{"line":112,"column":68},"skip":true}]},"15":{"line":129,"type":"if","locations":[{"start":{"line":129,"column":16},"end":{"line":129,"column":16},"skip":true},{"start":{"line":129,"column":16},"end":{"line":129,"column":16},"skip":true}]},"16":{"line":134,"type":"cond-expr","locations":[{"start":{"line":135,"column":26},"end":{"line":135,"column":29},"skip":true},{"start":{"line":136,"column":26},"end":{"line":136,"column":54},"skip":true}]},"17":{"line":164,"type":"binary-expr","locations":[{"start":{"line":164,"column":27},"end":{"line":164,"column":43},"skip":true},{"start":{"line":164,"column":47},"end":{"line":164,"column":49},"skip":true}]},"18":{"line":258,"type":"if","locations":[{"start":{"line":258,"column":8},"end":{"line":258,"column":8},"skip":true},{"start":{"line":258,"column":8},"end":{"line":258,"column":8},"skip":true}]},"19":{"line":275,"type":"switch","locations":[{"start":{"line":276,"column":20},"end":{"line":277,"column":64},"skip":true},{"start":{"line":278,"column":20},"end":{"line":279,"column":40},"skip":true},{"start":{"line":280,"column":20},"end":{"line":281,"column":40},"skip":true},{"start":{"line":282,"column":20},"end":{"line":283,"column":39},"skip":true}]},"20":{"line":288,"type":"if","locations":[{"start":{"line":288,"column":8},"end":{"line":288,"column":8},"skip":true},{"start":{"line":288,"column":8},"end":{"line":288,"column":8},"skip":true}]},"21":{"line":288,"type":"binary-expr","locations":[{"start":{"line":288,"column":12},"end":{"line":288,"column":40},"skip":true},{"start":{"line":288,"column":44},"end":{"line":288,"column":67},"skip":true}]},"22":{"line":292,"type":"binary-expr","locations":[{"start":{"line":292,"column":12},"end":{"line":292,"column":50},"skip":true},{"start":{"line":293,"column":12},"end":{"line":293,"column":53},"skip":true}]},"23":{"line":295,"type":"binary-expr","locations":[{"start":{"line":295,"column":12},"end":{"line":295,"column":60},"skip":true},{"start":{"line":296,"column":12},"end":{"line":301,"column":36},"skip":true}]},"24":{"line":302,"type":"binary-expr","locations":[{"start":{"line":302,"column":43},"end":{"line":302,"column":75},"skip":true},{"start":{"line":302,"column":79},"end":{"line":302,"column":81},"skip":true}]},"25":{"line":305,"type":"if","locations":[{"start":{"line":305,"column":8},"end":{"line":305,"column":8},"skip":true},{"start":{"line":305,"column":8},"end":{"line":305,"column":8},"skip":true}]},"26":{"line":309,"type":"if","locations":[{"start":{"line":309,"column":8},"end":{"line":309,"column":8},"skip":true},{"start":{"line":309,"column":8},"end":{"line":309,"column":8},"skip":true}]},"27":{"line":312,"type":"binary-expr","locations":[{"start":{"line":312,"column":27},"end":{"line":312,"column":43},"skip":true},{"start":{"line":312,"column":47},"end":{"line":312,"column":53},"skip":true}]},"28":{"line":316,"type":"if","locations":[{"start":{"line":316,"column":12},"end":{"line":316,"column":12},"skip":true},{"start":{"line":316,"column":12},"end":{"line":316,"column":12},"skip":true}]}},"code":["/*","example.js","","quickstart example","","instruction","    1. save this script as example.js","    2. run the shell command:","        $ npm install npmtest-s3 && PORT=8081 node example.js","    3. play with the browser-demo on http://127.0.0.1:8081","*/","","","","/* istanbul instrument in package npmtest_s3 */","/*jslint","    bitwise: true,","    browser: true,","    maxerr: 8,","    maxlen: 96,","    node: true,","    nomen: true,","    regexp: true,","    stupid: true","*/","(function () {","    'use strict';","    var local;","","","","    // run shared js-env code - pre-init","    (function () {","        // init local","        local = {};","        // init modeJs","        local.modeJs = (function () {","            try {","                return typeof navigator.userAgent === 'string' &&","                    typeof document.querySelector('body') === 'object' &&","                    typeof XMLHttpRequest.prototype.open === 'function' &&","                    'browser';","            } catch (errorCaughtBrowser) {","                return module.exports &&","                    typeof process.versions.node === 'string' &&","                    typeof require('http').createServer === 'function' &&","                    'node';","            }","        }());","        // init global","        local.global = local.modeJs === 'browser'","            ? window","            : global;","        // init utility2_rollup","        local = local.global.utility2_rollup || (local.modeJs === 'browser'","            ? local.global.utility2_npmtest_s3","            : global.utility2_moduleExports);","        // export local","        local.global.local = local;","    }());","    switch (local.modeJs) {","","","","    // post-init","    // run browser js-env code - post-init","    /* istanbul ignore next */","    case 'browser':","        local.testRunBrowser = function (event) {","            if (!event || (event &&","                    event.currentTarget &&","                    event.currentTarget.className &&","                    event.currentTarget.className.includes &&","                    event.currentTarget.className.includes('onreset'))) {","                // reset output","                Array.from(","                    document.querySelectorAll('body > .resettable')","                ).forEach(function (element) {","                    switch (element.tagName) {","                    case 'INPUT':","                    case 'TEXTAREA':","                        element.value = '';","                        break;","                    default:","                        element.textContent = '';","                    }","                });","            }","            switch (event && event.currentTarget && event.currentTarget.id) {","            case 'testRunButton1':","                // show tests","                if (document.querySelector('#testReportDiv1').style.display === 'none') {","                    document.querySelector('#testReportDiv1').style.display = 'block';","                    document.querySelector('#testRunButton1').textContent =","                        'hide internal test';","                    local.modeTest = true;","                    local.testRunDefault(local);","                // hide tests","                } else {","                    document.querySelector('#testReportDiv1').style.display = 'none';","                    document.querySelector('#testRunButton1').textContent = 'run internal test';","                }","                break;","            // custom-case","            default:","                break;","            }","            if (document.querySelector('#inputTextareaEval1') && (!event || (event &&","                    event.currentTarget &&","                    event.currentTarget.className &&","                    event.currentTarget.className.includes &&","                    event.currentTarget.className.includes('oneval')))) {","                // try to eval input-code","                try {","                    /*jslint evil: true*/","                    eval(document.querySelector('#inputTextareaEval1').value);","                } catch (errorCaught) {","                    console.error(errorCaught);","                }","            }","        };","        // log stderr and stdout to #outputTextareaStdout1","        ['error', 'log'].forEach(function (key) {","            console[key + '_original'] = console[key];","            console[key] = function () {","                var element;","                console[key + '_original'].apply(console, arguments);","                element = document.querySelector('#outputTextareaStdout1');","                if (!element) {","                    return;","                }","                // append text to #outputTextareaStdout1","                element.value += Array.from(arguments).map(function (arg) {","                    return typeof arg === 'string'","                        ? arg","                        : JSON.stringify(arg, null, 4);","                }).join(' ') + '\\n';","                // scroll textarea to bottom","                element.scrollTop = element.scrollHeight;","            };","        });","        // init event-handling","        ['change', 'click', 'keyup'].forEach(function (event) {","            Array.from(document.querySelectorAll('.on' + event)).forEach(function (element) {","                element.addEventListener(event, local.testRunBrowser);","            });","        });","        // run tests","        local.testRunBrowser();","        break;","","","","    // run node js-env code - post-init","    /* istanbul ignore next */","    case 'node':","        // export local","        module.exports = local;","        // require modules","        local.fs = require('fs');","        local.http = require('http');","        local.url = require('url');","        // init assets","        local.assetsDict = local.assetsDict || {};","        /* jslint-ignore-begin */","        local.assetsDict['/assets.index.template.html'] = '\\","<!doctype html>\\n\\","<html lang=\"en\">\\n\\","<head>\\n\\","<meta charset=\"UTF-8\">\\n\\","<meta name=\"viewport\" content=\"width=device-width, initial-scale=1\">\\n\\","<title>{{env.npm_package_name}} (v{{env.npm_package_version}})</title>\\n\\","<style>\\n\\","/*csslint\\n\\","    box-sizing: false,\\n\\","    universal-selector: false\\n\\","*/\\n\\","* {\\n\\","    box-sizing: border-box;\\n\\","}\\n\\","body {\\n\\","    background: #dde;\\n\\","    font-family: Arial, Helvetica, sans-serif;\\n\\","    margin: 2rem;\\n\\","}\\n\\","body > * {\\n\\","    margin-bottom: 1rem;\\n\\","}\\n\\",".utility2FooterDiv {\\n\\","    margin-top: 20px;\\n\\","    text-align: center;\\n\\","}\\n\\","</style>\\n\\","<style>\\n\\","/*csslint\\n\\","*/\\n\\","textarea {\\n\\","    font-family: monospace;\\n\\","    height: 10rem;\\n\\","    width: 100%;\\n\\","}\\n\\","textarea[readonly] {\\n\\","    background: #ddd;\\n\\","}\\n\\","</style>\\n\\","</head>\\n\\","<body>\\n\\","<!-- utility2-comment\\n\\","<div id=\"ajaxProgressDiv1\" style=\"background: #d00; height: 2px; left: 0; margin: 0; padding: 0; position: fixed; top: 0; transition: background 0.5s, width 1.5s; width: 25%;\"></div>\\n\\","utility2-comment -->\\n\\","<h1>\\n\\","<!-- utility2-comment\\n\\","    <a\\n\\","        {{#if env.npm_package_homepage}}\\n\\","        href=\"{{env.npm_package_homepage}}\"\\n\\","        {{/if env.npm_package_homepage}}\\n\\","        target=\"_blank\"\\n\\","    >\\n\\","utility2-comment -->\\n\\","        {{env.npm_package_name}} (v{{env.npm_package_version}})\\n\\","<!-- utility2-comment\\n\\","    </a>\\n\\","utility2-comment -->\\n\\","</h1>\\n\\","<h3>{{env.npm_package_description}}</h3>\\n\\","<!-- utility2-comment\\n\\","<h4><a download href=\"assets.app.js\">download standalone app</a></h4>\\n\\","<button class=\"onclick onreset\" id=\"testRunButton1\">run internal test</button><br>\\n\\","<div id=\"testReportDiv1\" style=\"display: none;\"></div>\\n\\","utility2-comment -->\\n\\","\\n\\","\\n\\","\\n\\","<label>stderr and stdout</label>\\n\\","<textarea class=\"resettable\" id=\"outputTextareaStdout1\" readonly></textarea>\\n\\","<!-- utility2-comment\\n\\","{{#if isRollup}}\\n\\","<script src=\"assets.app.js\"></script>\\n\\","{{#unless isRollup}}\\n\\","utility2-comment -->\\n\\","<script src=\"assets.utility2.rollup.js\"></script>\\n\\","<script src=\"jsonp.utility2._stateInit?callback=window.utility2._stateInit\"></script>\\n\\","<script src=\"assets.npmtest_s3.rollup.js\"></script>\\n\\","<script src=\"assets.example.js\"></script>\\n\\","<script src=\"assets.test.js\"></script>\\n\\","<!-- utility2-comment\\n\\","{{/if isRollup}}\\n\\","utility2-comment -->\\n\\","<div class=\"utility2FooterDiv\">\\n\\","    [ this app was created with\\n\\","    <a href=\"https://github.com/kaizhu256/node-utility2\" target=\"_blank\">utility2</a>\\n\\","    ]\\n\\","</div>\\n\\","</body>\\n\\","</html>\\n\\","';","        /* jslint-ignore-end */","        if (local.templateRender) {","            local.assetsDict['/'] = local.templateRender(","                local.assetsDict['/assets.index.template.html'],","                {","                    env: local.objectSetDefault(local.env, {","                        npm_package_description: 'the greatest app in the world!',","                        npm_package_name: 'my-app',","                        npm_package_nameAlias: 'my_app',","                        npm_package_version: '0.0.1'","                    })","                }","            );","        } else {","            local.assetsDict['/'] = local.assetsDict['/assets.index.template.html']","                .replace((/\\{\\{env\\.(\\w+?)\\}\\}/g), function (match0, match1) {","                    // jslint-hack","                    String(match0);","                    switch (match1) {","                    case 'npm_package_description':","                        return 'the greatest app in the world!';","                    case 'npm_package_name':","                        return 'my-app';","                    case 'npm_package_nameAlias':","                        return 'my_app';","                    case 'npm_package_version':","                        return '0.0.1';","                    }","                });","        }","        // run the cli","        if (local.global.utility2_rollup || module !== require.main) {","            break;","        }","        local.assetsDict['/assets.example.js'] =","            local.assetsDict['/assets.example.js'] ||","            local.fs.readFileSync(__filename, 'utf8');","        local.assetsDict['/assets.npmtest_s3.rollup.js'] =","            local.assetsDict['/assets.npmtest_s3.rollup.js'] ||","            local.fs.readFileSync(","                // buildCustomOrg-hack","                local.npmtest_s3.__dirname +","                    '/lib.npmtest_s3.js',","                'utf8'","            ).replace((/^#!/), '//');","        local.assetsDict['/favicon.ico'] = local.assetsDict['/favicon.ico'] || '';","        // if $npm_config_timeout_exit exists,","        // then exit this process after $npm_config_timeout_exit ms","        if (Number(process.env.npm_config_timeout_exit)) {","            setTimeout(process.exit, Number(process.env.npm_config_timeout_exit));","        }","        // start server","        if (local.global.utility2_serverHttp1) {","            break;","        }","        process.env.PORT = process.env.PORT || '8081';","        console.error('server starting on port ' + process.env.PORT);","        local.http.createServer(function (request, response) {","            request.urlParsed = local.url.parse(request.url);","            if (local.assetsDict[request.urlParsed.pathname] !== undefined) {","                response.end(local.assetsDict[request.urlParsed.pathname]);","                return;","            }","            response.statusCode = 404;","            response.end();","        }).listen(process.env.PORT);","        break;","    }","}());",""],"l":{"26":2,"28":2,"33":2,"35":2,"37":2,"38":2,"39":2,"44":1,"51":2,"55":2,"59":2,"61":2,"69":1,"70":2,"76":2,"79":2,"82":2,"83":2,"85":1,"89":2,"92":1,"93":1,"94":1,"96":1,"97":1,"100":1,"101":1,"103":1,"106":1,"108":2,"114":1,"116":1,"118":1,"123":1,"124":2,"125":2,"126":2,"127":2,"128":2,"129":2,"130":1,"133":2,"134":2,"139":2,"143":1,"144":3,"145":1,"149":1,"150":1,"158":1,"160":1,"161":1,"162":1,"164":1,"166":1,"258":1,"259":1,"271":1,"274":6,"275":6,"277":1,"279":2,"281":1,"283":2,"288":1,"289":1,"291":1,"294":1,"302":1,"305":1,"306":1,"309":1,"310":1,"312":1,"313":1,"314":1,"315":1,"316":1,"317":1,"318":1,"320":1,"321":1,"323":1}},"/home/travis/build/npmtest/node-npmtest-s3/node_modules/s3/lib/index.js":{"path":"/home/travis/build/npmtest/node-npmtest-s3/node_modules/s3/lib/index.js","s":{"1":1,"2":1,"3":1,"4":1,"5":1,"6":1,"7":1,"8":1,"9":1,"10":1,"11":1,"12":1,"13":1,"14":1,"15":1,"16":1,"17":1,"18":1,"19":1,"20":1,"21":1,"22":1,"23":0,"24":1,"25":1,"26":1,"27":1,"28":1,"29":1,"30":1,"31":1,"32":1,"33":1,"34":0,"35":0,"36":0,"37":0,"38":0,"39":0,"40":0,"41":0,"42":0,"43":0,"44":0,"45":0,"46":0,"47":0,"48":0,"49":0,"50":0,"51":0,"52":1,"53":0,"54":0,"55":0,"56":0,"57":0,"58":0,"59":0,"60":0,"61":0,"62":0,"63":0,"64":0,"65":0,"66":0,"67":0,"68":1,"69":0,"70":0,"71":0,"72":0,"73":0,"74":0,"75":0,"76":0,"77":1,"78":0,"79":0,"80":0,"81":0,"82":0,"83":1,"84":0,"85":0,"86":0,"87":0,"88":0,"89":0,"90":0,"91":0,"92":0,"93":0,"94":0,"95":0,"96":0,"97":0,"98":0,"99":0,"100":0,"101":1,"102":0,"103":0,"104":0,"105":0,"106":0,"107":0,"108":0,"109":1,"110":0,"111":1,"112":0,"113":0,"114":0,"115":0,"116":0,"117":0,"118":0,"119":0,"120":0,"121":0,"122":0,"123":0,"124":0,"125":0,"126":0,"127":1,"128":0,"129":0,"130":0,"131":0,"132":0,"133":0,"134":0,"135":0,"136":0,"137":0,"138":0,"139":0,"140":1,"141":0,"142":0,"143":0,"144":0,"145":0,"146":0,"147":0,"148":0,"149":1,"150":0,"151":0,"152":0,"153":0,"154":0,"155":0,"156":0,"157":0,"158":1,"159":0,"160":0,"161":0,"162":0,"163":0,"164":0,"165":0,"166":0,"167":0,"168":0,"169":0,"170":0,"171":0,"172":0,"173":0,"174":0,"175":0,"176":0,"177":1,"178":0,"179":0,"180":0,"181":0,"182":0,"183":0,"184":0,"185":0,"186":1,"187":0,"188":0,"189":0,"190":0,"191":0,"192":0,"193":0,"194":0,"195":0,"196":0,"197":0,"198":0,"199":0,"200":0,"201":0,"202":0,"203":0,"204":0,"205":0,"206":0,"207":0,"208":0,"209":0,"210":0,"211":0,"212":0,"213":0,"214":0,"215":0,"216":0,"217":0,"218":0,"219":0,"220":0,"221":0,"222":0,"223":0,"224":0,"225":0,"226":0,"227":0,"228":0,"229":0,"230":0,"231":0,"232":0,"233":0,"234":0,"235":0,"236":0,"237":0,"238":0,"239":0,"240":0,"241":0,"242":0,"243":0,"244":0,"245":1,"246":0,"247":0,"248":0,"249":0,"250":0,"251":0,"252":0,"253":0,"254":1,"255":0,"256":0,"257":0,"258":0,"259":0,"260":0,"261":0,"262":0,"263":0,"264":0,"265":0,"266":0,"267":1,"268":0,"269":0,"270":0,"271":0,"272":0,"273":0,"274":0,"275":0,"276":0,"277":0,"278":1,"279":0,"280":0,"281":0,"282":0,"283":0,"284":0,"285":0,"286":0,"287":0,"288":0,"289":0,"290":0,"291":0,"292":0,"293":0,"294":0,"295":0,"296":0,"297":0,"298":0,"299":0,"300":0,"301":0,"302":0,"303":0,"304":0,"305":0,"306":0,"307":0,"308":0,"309":0,"310":0,"311":0,"312":0,"313":0,"314":0,"315":0,"316":0,"317":0,"318":0,"319":0,"320":1,"321":0,"322":0,"323":0,"324":0,"325":0,"326":0,"327":0,"328":0,"329":0,"330":0,"331":0,"332":0,"333":0,"334":0,"335":0,"336":0,"337":1,"338":0,"339":0,"340":0,"341":0,"342":1,"343":0,"344":0,"345":0,"346":0,"347":0,"348":0,"349":0,"350":0,"351":0,"352":0,"353":0,"354":0,"355":0,"356":0,"357":0,"358":0,"359":0,"360":0,"361":0,"362":0,"363":0,"364":0,"365":0,"366":0,"367":0,"368":0,"369":0,"370":0,"371":0,"372":0,"373":0,"374":0,"375":0,"376":0,"377":0,"378":0,"379":0,"380":0,"381":0,"382":1,"383":0,"384":0,"385":0,"386":0,"387":0,"388":0,"389":1,"390":0,"391":0,"392":0,"393":0,"394":0,"395":0,"396":0,"397":0,"398":0,"399":0,"400":0,"401":0,"402":0,"403":0,"404":0,"405":0,"406":1,"407":0,"408":0,"409":0,"410":0,"411":0,"412":0,"413":0,"414":0,"415":0,"416":0,"417":0,"418":0,"419":0,"420":0,"421":0,"422":0,"423":0,"424":0,"425":0,"426":0,"427":1,"428":0,"429":0,"430":1,"431":0,"432":0,"433":0,"434":1,"435":0,"436":0,"437":0,"438":0,"439":0,"440":0,"441":0,"442":0,"443":0,"444":0,"445":0,"446":0,"447":0,"448":1,"449":0,"450":1,"451":0,"452":1,"453":0,"454":0,"455":0,"456":0,"457":0,"458":0,"459":0,"460":0,"461":0,"462":0,"463":0,"464":0,"465":0,"466":0,"467":0,"468":0,"469":1,"470":0,"471":0,"472":0,"473":0,"474":0,"475":0,"476":0,"477":0,"478":0,"479":0,"480":0,"481":0,"482":0,"483":1,"484":0,"485":0,"486":0,"487":0,"488":0,"489":0,"490":0,"491":0,"492":1,"493":0,"494":0,"495":0,"496":0,"497":1,"498":0,"499":0,"500":1,"501":0,"502":0,"503":0,"504":0,"505":0,"506":0,"507":0,"508":0,"509":0,"510":0,"511":0,"512":0,"513":0,"514":0,"515":0,"516":0,"517":0,"518":0,"519":0,"520":0,"521":0,"522":0,"523":1,"524":0,"525":0,"526":0,"527":0,"528":0,"529":0,"530":0,"531":0,"532":0,"533":0,"534":1,"535":0,"536":0,"537":0,"538":0,"539":1,"540":0,"541":0,"542":0,"543":0,"544":0,"545":0,"546":0,"547":0,"548":0,"549":0,"550":0,"551":0,"552":0,"553":0,"554":0,"555":0,"556":0,"557":0,"558":0,"559":0,"560":0,"561":0,"562":0,"563":0,"564":0,"565":0,"566":0,"567":0,"568":0,"569":0,"570":0,"571":0,"572":0,"573":0,"574":0,"575":0,"576":0,"577":0,"578":0,"579":0,"580":1,"581":0,"582":0,"583":0,"584":0,"585":0,"586":0,"587":1,"588":0,"589":0,"590":0,"591":0,"592":0,"593":0,"594":0,"595":1,"596":0,"597":0,"598":0,"599":0,"600":1,"601":0,"602":0,"603":0,"604":0,"605":0,"606":0,"607":0,"608":0,"609":0,"610":0,"611":0,"612":0,"613":0,"614":0,"615":0,"616":0,"617":1,"618":0,"619":0,"620":0,"621":0,"622":0,"623":0,"624":1,"625":0,"626":0,"627":0,"628":0,"629":0,"630":0,"631":0,"632":0,"633":0,"634":0,"635":0,"636":0,"637":0,"638":0,"639":0,"640":0,"641":0,"642":0,"643":0,"644":0,"645":0,"646":0,"647":0,"648":0,"649":0,"650":0,"651":0,"652":0,"653":0,"654":0,"655":0,"656":1,"657":0,"658":0,"659":0,"660":0,"661":0,"662":0,"663":0,"664":0,"665":0,"666":0,"667":0,"668":0,"669":0,"670":1,"671":0,"672":0,"673":0,"674":0,"675":0,"676":0,"677":0,"678":0,"679":0,"680":0,"681":0,"682":0,"683":0,"684":0,"685":0,"686":0,"687":0,"688":0,"689":0,"690":0,"691":0,"692":0,"693":0,"694":0,"695":0,"696":0,"697":0,"698":0,"699":0,"700":0,"701":0,"702":0,"703":0,"704":0,"705":0,"706":0,"707":0,"708":0,"709":0,"710":0,"711":0,"712":0,"713":0,"714":0,"715":0,"716":0,"717":0,"718":0,"719":0,"720":1,"721":0,"722":0,"723":0,"724":0,"725":0,"726":0,"727":0,"728":0,"729":0,"730":0,"731":1,"732":0,"733":0,"734":0,"735":0,"736":0,"737":0,"738":0,"739":0,"740":0,"741":0,"742":0,"743":0,"744":0,"745":0,"746":1,"747":0,"748":0,"749":0,"750":0,"751":0,"752":0,"753":1,"754":0,"755":0,"756":0,"757":0,"758":0,"759":0,"760":0,"761":0,"762":1,"763":0,"764":0,"765":0,"766":0,"767":0,"768":0,"769":0,"770":0,"771":0,"772":0,"773":0,"774":0,"775":0,"776":0,"777":0,"778":0,"779":0,"780":0,"781":1,"782":0,"783":0,"784":0,"785":1,"786":0,"787":0,"788":0,"789":0,"790":0,"791":0,"792":0,"793":1,"794":0,"795":0,"796":0,"797":0,"798":0,"799":0,"800":0,"801":0,"802":1,"803":0,"804":0,"805":0,"806":0,"807":0,"808":0,"809":0,"810":0,"811":0,"812":0,"813":0,"814":0,"815":0,"816":0,"817":0,"818":0,"819":0,"820":0,"821":0,"822":0,"823":0,"824":0,"825":1,"826":0,"827":0,"828":0,"829":0,"830":0,"831":0,"832":0,"833":0,"834":0,"835":0,"836":1,"837":0,"838":0,"839":0,"840":0,"841":1,"842":0,"843":0,"844":0,"845":0,"846":0,"847":0,"848":0,"849":0,"850":0,"851":0,"852":0,"853":0,"854":0,"855":0,"856":0,"857":0,"858":0,"859":1,"860":0,"861":0,"862":0,"863":0,"864":0,"865":0,"866":0,"867":0,"868":0,"869":0,"870":0,"871":0,"872":0,"873":0,"874":1,"875":0,"876":0,"877":1,"878":0,"879":0,"880":0,"881":0,"882":0,"883":0,"884":0,"885":0,"886":0,"887":0,"888":0,"889":0,"890":0,"891":0,"892":0,"893":0,"894":0,"895":0,"896":0,"897":0,"898":0,"899":0,"900":0,"901":0,"902":0,"903":0,"904":0,"905":0,"906":0,"907":0,"908":0,"909":1,"910":0,"911":0,"912":0,"913":0,"914":0,"915":0,"916":0,"917":0,"918":0,"919":0,"920":0,"921":0,"922":0,"923":0,"924":0,"925":0,"926":0,"927":0,"928":0,"929":0,"930":0,"931":0,"932":0,"933":0,"934":0,"935":0,"936":0,"937":0,"938":0,"939":0,"940":0,"941":1,"942":0,"943":1,"944":0,"945":1,"946":0,"947":1,"948":0,"949":0,"950":1,"951":0,"952":0,"953":0,"954":0,"955":0,"956":0,"957":0,"958":0,"959":0,"960":1,"961":0,"962":0,"963":0,"964":1,"965":0,"966":0,"967":0,"968":0,"969":1,"970":0,"971":1,"972":0,"973":1,"974":0,"975":0,"976":1,"977":0,"978":1,"979":0,"980":0,"981":1,"982":0,"983":0,"984":0,"985":0,"986":1,"987":0,"988":0,"989":1,"990":0,"991":1,"992":0,"993":1,"994":1,"995":1,"996":0,"997":0},"b":{"1":[0,0],"2":[0,0],"3":[0,0],"4":[0,0],"5":[0,0],"6":[0,0],"7":[0,0],"8":[0,0],"9":[0,0],"10":[0,0],"11":[0,0],"12":[0,0],"13":[0,0],"14":[0,0],"15":[0,0],"16":[0,0],"17":[0,0],"18":[0,0],"19":[0,0],"20":[0,0],"21":[0,0],"22":[0,0],"23":[0,0],"24":[0,0],"25":[0,0],"26":[0,0],"27":[0,0],"28":[0,0],"29":[0,0],"30":[0,0],"31":[0,0],"32":[0,0],"33":[0,0],"34":[0,0],"35":[0,0],"36":[0,0],"37":[0,0],"38":[0,0],"39":[0,0],"40":[0,0],"41":[0,0],"42":[0,0],"43":[0,0],"44":[0,0],"45":[0,0],"46":[0,0],"47":[0,0],"48":[0,0],"49":[0,0],"50":[0,0],"51":[0,0],"52":[0,0],"53":[0,0],"54":[0,0],"55":[0,0],"56":[0,0],"57":[0,0],"58":[0,0],"59":[0,0],"60":[0,0],"61":[0,0],"62":[0,0],"63":[0,0],"64":[0,0],"65":[0,0],"66":[0,0],"67":[0,0],"68":[0,0],"69":[0,0],"70":[0,0],"71":[0,0],"72":[0,0],"73":[0,0],"74":[0,0],"75":[0,0],"76":[0,0],"77":[0,0],"78":[0,0],"79":[0,0],"80":[0,0],"81":[0,0],"82":[0,0],"83":[0,0],"84":[0,0],"85":[0,0],"86":[0,0],"87":[0,0],"88":[0,0],"89":[0,0],"90":[0,0],"91":[0,0],"92":[0,0],"93":[0,0],"94":[0,0],"95":[0,0],"96":[0,0],"97":[0,0],"98":[0,0],"99":[0,0],"100":[0,0],"101":[0,0],"102":[0,0],"103":[0,0],"104":[0,0],"105":[0,0],"106":[0,0],"107":[0,0],"108":[0,0],"109":[0,0],"110":[0,0],"111":[0,0],"112":[0,0],"113":[0,0],"114":[0,0],"115":[0,0],"116":[0,0],"117":[0,0],"118":[0,0],"119":[0,0],"120":[0,0],"121":[0,0],"122":[0,0],"123":[0,0],"124":[0,0],"125":[0,0],"126":[0,0],"127":[0,0],"128":[0,0],"129":[0,0],"130":[0,0],"131":[0,0],"132":[0,0],"133":[0,0],"134":[0,0],"135":[0,0],"136":[0,0],"137":[0,0],"138":[0,0],"139":[0,0],"140":[0,0],"141":[0,0],"142":[0,0],"143":[0,0],"144":[0,0],"145":[0,0],"146":[0,0],"147":[0,0],"148":[0,0],"149":[0,0],"150":[0,0],"151":[0,0],"152":[0,0],"153":[0,0],"154":[0,0],"155":[0,0],"156":[0,0],"157":[0,0],"158":[0,0,0],"159":[0,0],"160":[0,0],"161":[0,0],"162":[0,0],"163":[0,0],"164":[0,0],"165":[0,0],"166":[0,0],"167":[0,0],"168":[0,0],"169":[0,0],"170":[0,0],"171":[0,0],"172":[0,0],"173":[0,0],"174":[0,0],"175":[0,0]},"f":{"1":0,"2":0,"3":0,"4":0,"5":0,"6":0,"7":0,"8":0,"9":0,"10":0,"11":0,"12":0,"13":0,"14":0,"15":0,"16":0,"17":0,"18":0,"19":0,"20":0,"21":0,"22":0,"23":0,"24":0,"25":0,"26":0,"27":0,"28":0,"29":0,"30":0,"31":0,"32":0,"33":0,"34":0,"35":0,"36":0,"37":0,"38":0,"39":0,"40":0,"41":0,"42":0,"43":0,"44":0,"45":0,"46":0,"47":0,"48":0,"49":0,"50":0,"51":0,"52":0,"53":0,"54":0,"55":0,"56":0,"57":0,"58":0,"59":0,"60":0,"61":0,"62":0,"63":0,"64":0,"65":0,"66":0,"67":0,"68":0,"69":0,"70":0,"71":0,"72":0,"73":0,"74":0,"75":0,"76":0,"77":0,"78":0,"79":0,"80":0,"81":0,"82":0,"83":0,"84":0,"85":0,"86":0,"87":0,"88":0,"89":0,"90":0,"91":0,"92":0,"93":0,"94":0,"95":0,"96":0,"97":0,"98":0,"99":0,"100":0,"101":0,"102":0,"103":0,"104":0,"105":0,"106":0,"107":0,"108":0,"109":0,"110":0,"111":0,"112":0,"113":0,"114":0,"115":0,"116":0,"117":0,"118":0,"119":0,"120":0,"121":0,"122":0,"123":0,"124":0,"125":0,"126":0,"127":0,"128":0,"129":0,"130":0,"131":0,"132":0,"133":0,"134":0,"135":0,"136":0,"137":0,"138":0,"139":0,"140":0,"141":0,"142":0,"143":0,"144":0,"145":0,"146":0,"147":0,"148":0,"149":0,"150":0,"151":0,"152":0,"153":0,"154":0,"155":0,"156":0,"157":0,"158":0,"159":0,"160":0,"161":0,"162":0,"163":0,"164":0,"165":0,"166":0,"167":0,"168":0,"169":0,"170":0,"171":0,"172":0,"173":1,"174":0},"fnMap":{"1":{"name":"(anonymous_1)","line":25,"loc":{"start":{"line":25,"column":23},"end":{"line":25,"column":41}}},"2":{"name":"Client","line":41,"loc":{"start":{"line":41,"column":0},"end":{"line":41,"column":25}}},"3":{"name":"(anonymous_3)","line":67,"loc":{"start":{"line":67,"column":33},"end":{"line":67,"column":52}}},"4":{"name":"(anonymous_4)","line":84,"loc":{"start":{"line":84,"column":12},"end":{"line":84,"column":26}}},"5":{"name":"uploadSlice","line":93,"loc":{"start":{"line":93,"column":2},"end":{"line":93,"column":30}}},"6":{"name":"(anonymous_6)","line":94,"loc":{"start":{"line":94,"column":12},"end":{"line":94,"column":25}}},"7":{"name":"(anonymous_7)","line":95,"loc":{"start":{"line":95,"column":76},"end":{"line":95,"column":96}}},"8":{"name":"tryDeletingObjects","line":107,"loc":{"start":{"line":107,"column":4},"end":{"line":107,"column":36}}},"9":{"name":"(anonymous_9)","line":108,"loc":{"start":{"line":108,"column":21},"end":{"line":108,"column":38}}},"10":{"name":"(anonymous_10)","line":110,"loc":{"start":{"line":110,"column":38},"end":{"line":110,"column":58}}},"11":{"name":"(anonymous_11)","line":119,"loc":{"start":{"line":119,"column":30},"end":{"line":119,"column":47}}},"12":{"name":"handleError","line":142,"loc":{"start":{"line":142,"column":2},"end":{"line":142,"column":28}}},"13":{"name":"handleAbort","line":152,"loc":{"start":{"line":152,"column":2},"end":{"line":152,"column":25}}},"14":{"name":"openFile","line":156,"loc":{"start":{"line":156,"column":2},"end":{"line":156,"column":22}}},"15":{"name":"(anonymous_15)","line":157,"loc":{"start":{"line":157,"column":28},"end":{"line":157,"column":46}}},"16":{"name":"(anonymous_16)","line":161,"loc":{"start":{"line":161,"column":34},"end":{"line":161,"column":45}}},"17":{"name":"(anonymous_17)","line":171,"loc":{"start":{"line":171,"column":19},"end":{"line":171,"column":39}}},"18":{"name":"startPuttingObject","line":180,"loc":{"start":{"line":180,"column":2},"end":{"line":180,"column":32}}},"19":{"name":"onPutObjectDone","line":198,"loc":{"start":{"line":198,"column":4},"end":{"line":198,"column":40}}},"20":{"name":"startMultipartUpload","line":209,"loc":{"start":{"line":209,"column":2},"end":{"line":209,"column":53}}},"21":{"name":"(anonymous_21)","line":210,"loc":{"start":{"line":210,"column":80},"end":{"line":210,"column":100}}},"22":{"name":"queueAllParts","line":225,"loc":{"start":{"line":225,"column":2},"end":{"line":225,"column":56}}},"23":{"name":"(anonymous_23)","line":243,"loc":{"start":{"line":243,"column":14},"end":{"line":243,"column":28}}},"24":{"name":"makeUploadPartFn","line":250,"loc":{"start":{"line":250,"column":2},"end":{"line":250,"column":56}}},"25":{"name":"(anonymous_25)","line":251,"loc":{"start":{"line":251,"column":11},"end":{"line":251,"column":24}}},"26":{"name":"(anonymous_26)","line":252,"loc":{"start":{"line":252,"column":71},"end":{"line":252,"column":91}}},"27":{"name":"tryUploadPart","line":260,"loc":{"start":{"line":260,"column":4},"end":{"line":260,"column":31}}},"28":{"name":"(anonymous_28)","line":262,"loc":{"start":{"line":262,"column":21},"end":{"line":262,"column":38}}},"29":{"name":"(anonymous_29)","line":269,"loc":{"start":{"line":269,"column":29},"end":{"line":269,"column":43}}},"30":{"name":"(anonymous_30)","line":283,"loc":{"start":{"line":283,"column":37},"end":{"line":283,"column":48}}},"31":{"name":"(anonymous_31)","line":291,"loc":{"start":{"line":291,"column":32},"end":{"line":291,"column":43}}},"32":{"name":"(anonymous_32)","line":302,"loc":{"start":{"line":302,"column":49},"end":{"line":302,"column":69}}},"33":{"name":"(anonymous_33)","line":311,"loc":{"start":{"line":311,"column":20},"end":{"line":311,"column":31}}},"34":{"name":"completeMultipartUpload","line":327,"loc":{"start":{"line":327,"column":2},"end":{"line":327,"column":37}}},"35":{"name":"(anonymous_35)","line":330,"loc":{"start":{"line":330,"column":82},"end":{"line":330,"column":102}}},"36":{"name":"tryCompleteMultipartUpload","line":337,"loc":{"start":{"line":337,"column":2},"end":{"line":337,"column":42}}},"37":{"name":"(anonymous_37)","line":339,"loc":{"start":{"line":339,"column":19},"end":{"line":339,"column":36}}},"38":{"name":"(anonymous_38)","line":352,"loc":{"start":{"line":352,"column":48},"end":{"line":352,"column":68}}},"39":{"name":"tryCreateMultipartUpload","line":360,"loc":{"start":{"line":360,"column":2},"end":{"line":360,"column":40}}},"40":{"name":"(anonymous_40)","line":362,"loc":{"start":{"line":362,"column":19},"end":{"line":362,"column":36}}},"41":{"name":"(anonymous_41)","line":364,"loc":{"start":{"line":364,"column":46},"end":{"line":364,"column":66}}},"42":{"name":"tryPuttingObject","line":372,"loc":{"start":{"line":372,"column":2},"end":{"line":372,"column":32}}},"43":{"name":"(anonymous_43)","line":373,"loc":{"start":{"line":373,"column":19},"end":{"line":373,"column":36}}},"44":{"name":"(anonymous_44)","line":379,"loc":{"start":{"line":379,"column":14},"end":{"line":379,"column":27}}},"45":{"name":"(anonymous_45)","line":380,"loc":{"start":{"line":380,"column":32},"end":{"line":380,"column":43}}},"46":{"name":"(anonymous_46)","line":390,"loc":{"start":{"line":390,"column":35},"end":{"line":390,"column":46}}},"47":{"name":"(anonymous_47)","line":400,"loc":{"start":{"line":400,"column":34},"end":{"line":400,"column":54}}},"48":{"name":"(anonymous_48)","line":407,"loc":{"start":{"line":407,"column":18},"end":{"line":407,"column":29}}},"49":{"name":"(anonymous_49)","line":420,"loc":{"start":{"line":420,"column":32},"end":{"line":420,"column":49}}},"50":{"name":"(anonymous_50)","line":428,"loc":{"start":{"line":428,"column":18},"end":{"line":428,"column":32}}},"51":{"name":"(anonymous_51)","line":434,"loc":{"start":{"line":434,"column":74},"end":{"line":434,"column":88}}},"52":{"name":"doDownloadWithPend","line":445,"loc":{"start":{"line":445,"column":2},"end":{"line":445,"column":34}}},"53":{"name":"(anonymous_53)","line":446,"loc":{"start":{"line":446,"column":19},"end":{"line":446,"column":36}}},"54":{"name":"(anonymous_54)","line":447,"loc":{"start":{"line":447,"column":20},"end":{"line":447,"column":34}}},"55":{"name":"doTheDownload","line":454,"loc":{"start":{"line":454,"column":2},"end":{"line":454,"column":29}}},"56":{"name":"(anonymous_56)","line":459,"loc":{"start":{"line":459,"column":30},"end":{"line":459,"column":66}}},"57":{"name":"(anonymous_57)","line":479,"loc":{"start":{"line":479,"column":23},"end":{"line":479,"column":36}}},"58":{"name":"(anonymous_58)","line":480,"loc":{"start":{"line":480,"column":32},"end":{"line":480,"column":43}}},"59":{"name":"(anonymous_59)","line":492,"loc":{"start":{"line":492,"column":35},"end":{"line":492,"column":46}}},"60":{"name":"(anonymous_60)","line":496,"loc":{"start":{"line":496,"column":28},"end":{"line":496,"column":39}}},"61":{"name":"handleError","line":508,"loc":{"start":{"line":508,"column":4},"end":{"line":508,"column":30}}},"62":{"name":"(anonymous_62)","line":526,"loc":{"start":{"line":526,"column":31},"end":{"line":526,"column":48}}},"63":{"name":"(anonymous_63)","line":536,"loc":{"start":{"line":536,"column":55},"end":{"line":536,"column":75}}},"64":{"name":"(anonymous_64)","line":544,"loc":{"start":{"line":544,"column":13},"end":{"line":544,"column":24}}},"65":{"name":"findAllS3Objects","line":550,"loc":{"start":{"line":550,"column":2},"end":{"line":550,"column":48}}},"66":{"name":"(anonymous_66)","line":552,"loc":{"start":{"line":552,"column":67},"end":{"line":552,"column":87}}},"67":{"name":"(anonymous_67)","line":573,"loc":{"start":{"line":573,"column":16},"end":{"line":573,"column":30}}},"68":{"name":"findNext1000","line":577,"loc":{"start":{"line":577,"column":6},"end":{"line":577,"column":32}}},"69":{"name":"recurse","line":582,"loc":{"start":{"line":582,"column":6},"end":{"line":582,"column":31}}},"70":{"name":"(anonymous_70)","line":584,"loc":{"start":{"line":584,"column":16},"end":{"line":584,"column":29}}},"71":{"name":"listObjects","line":590,"loc":{"start":{"line":590,"column":4},"end":{"line":590,"column":29}}},"72":{"name":"(anonymous_72)","line":592,"loc":{"start":{"line":592,"column":21},"end":{"line":592,"column":38}}},"73":{"name":"(anonymous_73)","line":599,"loc":{"start":{"line":599,"column":39},"end":{"line":599,"column":59}}},"74":{"name":"(anonymous_74)","line":616,"loc":{"start":{"line":616,"column":29},"end":{"line":616,"column":46}}},"75":{"name":"(anonymous_75)","line":620,"loc":{"start":{"line":620,"column":31},"end":{"line":620,"column":48}}},"76":{"name":"(anonymous_76)","line":624,"loc":{"start":{"line":624,"column":29},"end":{"line":624,"column":48}}},"77":{"name":"(anonymous_77)","line":640,"loc":{"start":{"line":640,"column":21},"end":{"line":640,"column":35}}},"78":{"name":"(anonymous_78)","line":643,"loc":{"start":{"line":643,"column":20},"end":{"line":643,"column":38}}},"79":{"name":"deleteThem","line":650,"loc":{"start":{"line":650,"column":4},"end":{"line":650,"column":28}}},"80":{"name":"(anonymous_80)","line":660,"loc":{"start":{"line":660,"column":26},"end":{"line":660,"column":40}}},"81":{"name":"(anonymous_81)","line":664,"loc":{"start":{"line":664,"column":24},"end":{"line":664,"column":35}}},"82":{"name":"(anonymous_82)","line":671,"loc":{"start":{"line":671,"column":19},"end":{"line":671,"column":30}}},"83":{"name":"(anonymous_83)","line":672,"loc":{"start":{"line":672,"column":14},"end":{"line":672,"column":25}}},"84":{"name":"(anonymous_84)","line":679,"loc":{"start":{"line":679,"column":30},"end":{"line":679,"column":50}}},"85":{"name":"(anonymous_85)","line":684,"loc":{"start":{"line":684,"column":68},"end":{"line":684,"column":88}}},"86":{"name":"doCopyWithPend","line":691,"loc":{"start":{"line":691,"column":2},"end":{"line":691,"column":30}}},"87":{"name":"(anonymous_87)","line":692,"loc":{"start":{"line":692,"column":19},"end":{"line":692,"column":36}}},"88":{"name":"(anonymous_88)","line":693,"loc":{"start":{"line":693,"column":16},"end":{"line":693,"column":36}}},"89":{"name":"doTheCopy","line":699,"loc":{"start":{"line":699,"column":2},"end":{"line":699,"column":25}}},"90":{"name":"(anonymous_90)","line":705,"loc":{"start":{"line":705,"column":30},"end":{"line":705,"column":49}}},"91":{"name":"(anonymous_91)","line":711,"loc":{"start":{"line":711,"column":21},"end":{"line":711,"column":35}}},"92":{"name":"(anonymous_92)","line":714,"loc":{"start":{"line":714,"column":19},"end":{"line":714,"column":34}}},"93":{"name":"(anonymous_93)","line":732,"loc":{"start":{"line":732,"column":24},"end":{"line":732,"column":38}}},"94":{"name":"(anonymous_94)","line":736,"loc":{"start":{"line":736,"column":23},"end":{"line":736,"column":38}}},"95":{"name":"(anonymous_95)","line":739,"loc":{"start":{"line":739,"column":22},"end":{"line":739,"column":33}}},"96":{"name":"(anonymous_96)","line":746,"loc":{"start":{"line":746,"column":34},"end":{"line":746,"column":53}}},"97":{"name":"(anonymous_97)","line":753,"loc":{"start":{"line":753,"column":72},"end":{"line":753,"column":94}}},"98":{"name":"doDownloadWithPend","line":763,"loc":{"start":{"line":763,"column":2},"end":{"line":763,"column":34}}},"99":{"name":"(anonymous_99)","line":764,"loc":{"start":{"line":764,"column":19},"end":{"line":764,"column":36}}},"100":{"name":"(anonymous_100)","line":765,"loc":{"start":{"line":765,"column":20},"end":{"line":765,"column":42}}},"101":{"name":"doTheDownload","line":772,"loc":{"start":{"line":772,"column":2},"end":{"line":772,"column":29}}},"102":{"name":"(anonymous_102)","line":776,"loc":{"start":{"line":776,"column":30},"end":{"line":776,"column":66}}},"103":{"name":"(anonymous_103)","line":796,"loc":{"start":{"line":796,"column":23},"end":{"line":796,"column":36}}},"104":{"name":"(anonymous_104)","line":797,"loc":{"start":{"line":797,"column":32},"end":{"line":797,"column":43}}},"105":{"name":"(anonymous_105)","line":809,"loc":{"start":{"line":809,"column":35},"end":{"line":809,"column":46}}},"106":{"name":"(anonymous_106)","line":813,"loc":{"start":{"line":813,"column":29},"end":{"line":813,"column":40}}},"107":{"name":"(anonymous_107)","line":815,"loc":{"start":{"line":815,"column":27},"end":{"line":815,"column":38}}},"108":{"name":"handleError","line":827,"loc":{"start":{"line":827,"column":4},"end":{"line":827,"column":30}}},"109":{"name":"(anonymous_109)","line":836,"loc":{"start":{"line":836,"column":34},"end":{"line":836,"column":53}}},"110":{"name":"(anonymous_110)","line":841,"loc":{"start":{"line":841,"column":21},"end":{"line":841,"column":35}}},"111":{"name":"doDownloadWithPend","line":846,"loc":{"start":{"line":846,"column":2},"end":{"line":846,"column":34}}},"112":{"name":"(anonymous_112)","line":847,"loc":{"start":{"line":847,"column":19},"end":{"line":847,"column":36}}},"113":{"name":"(anonymous_113)","line":848,"loc":{"start":{"line":848,"column":20},"end":{"line":848,"column":34}}},"114":{"name":"doTheDownload","line":855,"loc":{"start":{"line":855,"column":2},"end":{"line":855,"column":29}}},"115":{"name":"(anonymous_115)","line":859,"loc":{"start":{"line":859,"column":30},"end":{"line":859,"column":66}}},"116":{"name":"(anonymous_116)","line":869,"loc":{"start":{"line":869,"column":34},"end":{"line":869,"column":45}}},"117":{"name":"handleError","line":879,"loc":{"start":{"line":879,"column":4},"end":{"line":879,"column":30}}},"118":{"name":"syncDir","line":888,"loc":{"start":{"line":888,"column":0},"end":{"line":888,"column":48}}},"119":{"name":"flushDeletes","line":940,"loc":{"start":{"line":940,"column":2},"end":{"line":940,"column":26}}},"120":{"name":"(anonymous_120)","line":953,"loc":{"start":{"line":953,"column":22},"end":{"line":953,"column":33}}},"121":{"name":"checkDoMoreWork","line":961,"loc":{"start":{"line":961,"column":2},"end":{"line":961,"column":29}}},"122":{"name":"deleteLocalDir","line":1043,"loc":{"start":{"line":1043,"column":4},"end":{"line":1043,"column":30}}},"123":{"name":"(anonymous_123)","line":1046,"loc":{"start":{"line":1046,"column":23},"end":{"line":1046,"column":37}}},"124":{"name":"deleteLocalFile","line":1055,"loc":{"start":{"line":1055,"column":4},"end":{"line":1055,"column":31}}},"125":{"name":"(anonymous_125)","line":1061,"loc":{"start":{"line":1061,"column":26},"end":{"line":1061,"column":40}}},"126":{"name":"downloadS3Object","line":1070,"loc":{"start":{"line":1070,"column":4},"end":{"line":1070,"column":32}}},"127":{"name":"haveS3Params","line":1081,"loc":{"start":{"line":1081,"column":6},"end":{"line":1081,"column":43}}},"128":{"name":"startDownload","line":1094,"loc":{"start":{"line":1094,"column":6},"end":{"line":1094,"column":31}}},"129":{"name":"(anonymous_129)","line":1103,"loc":{"start":{"line":1103,"column":34},"end":{"line":1103,"column":45}}},"130":{"name":"(anonymous_130)","line":1110,"loc":{"start":{"line":1110,"column":29},"end":{"line":1110,"column":40}}},"131":{"name":"skipThisOne","line":1117,"loc":{"start":{"line":1117,"column":4},"end":{"line":1117,"column":27}}},"132":{"name":"uploadLocalFile","line":1123,"loc":{"start":{"line":1123,"column":4},"end":{"line":1123,"column":31}}},"133":{"name":"haveS3Params","line":1135,"loc":{"start":{"line":1135,"column":6},"end":{"line":1135,"column":43}}},"134":{"name":"startUpload","line":1148,"loc":{"start":{"line":1148,"column":6},"end":{"line":1148,"column":29}}},"135":{"name":"(anonymous_135)","line":1158,"loc":{"start":{"line":1158,"column":32},"end":{"line":1158,"column":43}}},"136":{"name":"(anonymous_136)","line":1170,"loc":{"start":{"line":1170,"column":27},"end":{"line":1170,"column":38}}},"137":{"name":"deleteS3Object","line":1177,"loc":{"start":{"line":1177,"column":4},"end":{"line":1177,"column":30}}},"138":{"name":"handleError","line":1191,"loc":{"start":{"line":1191,"column":2},"end":{"line":1191,"column":28}}},"139":{"name":"findAllS3Objects","line":1197,"loc":{"start":{"line":1197,"column":2},"end":{"line":1197,"column":30}}},"140":{"name":"(anonymous_140)","line":1200,"loc":{"start":{"line":1200,"column":22},"end":{"line":1200,"column":37}}},"141":{"name":"(anonymous_141)","line":1204,"loc":{"start":{"line":1204,"column":28},"end":{"line":1204,"column":45}}},"142":{"name":"(anonymous_142)","line":1210,"loc":{"start":{"line":1210,"column":21},"end":{"line":1210,"column":32}}},"143":{"name":"startFindAllFiles","line":1218,"loc":{"start":{"line":1218,"column":2},"end":{"line":1218,"column":31}}},"144":{"name":"(anonymous_144)","line":1219,"loc":{"start":{"line":1219,"column":17},"end":{"line":1219,"column":31}}},"145":{"name":"(anonymous_145)","line":1226,"loc":{"start":{"line":1226,"column":25},"end":{"line":1226,"column":40}}},"146":{"name":"startComputingMd5Sums","line":1239,"loc":{"start":{"line":1239,"column":2},"end":{"line":1239,"column":35}}},"147":{"name":"computeOne","line":1243,"loc":{"start":{"line":1243,"column":4},"end":{"line":1243,"column":26}}},"148":{"name":"(anonymous_148)","line":1262,"loc":{"start":{"line":1262,"column":35},"end":{"line":1262,"column":46}}},"149":{"name":"(anonymous_149)","line":1267,"loc":{"start":{"line":1267,"column":30},"end":{"line":1267,"column":41}}},"150":{"name":"findAllFiles","line":1280,"loc":{"start":{"line":1280,"column":2},"end":{"line":1280,"column":28}}},"151":{"name":"(anonymous_151)","line":1283,"loc":{"start":{"line":1283,"column":23},"end":{"line":1283,"column":37}}},"152":{"name":"(anonymous_152)","line":1293,"loc":{"start":{"line":1293,"column":27},"end":{"line":1293,"column":63}}},"153":{"name":"(anonymous_153)","line":1305,"loc":{"start":{"line":1305,"column":22},"end":{"line":1305,"column":53}}},"154":{"name":"(anonymous_154)","line":1315,"loc":{"start":{"line":1315,"column":21},"end":{"line":1315,"column":32}}},"155":{"name":"ensureChar","line":1321,"loc":{"start":{"line":1321,"column":0},"end":{"line":1321,"column":28}}},"156":{"name":"ensureSep","line":1325,"loc":{"start":{"line":1325,"column":0},"end":{"line":1325,"column":24}}},"157":{"name":"ensureSlash","line":1329,"loc":{"start":{"line":1329,"column":0},"end":{"line":1329,"column":26}}},"158":{"name":"doWithRetry","line":1333,"loc":{"start":{"line":1333,"column":0},"end":{"line":1333,"column":46}}},"159":{"name":"tryOnce","line":1338,"loc":{"start":{"line":1338,"column":2},"end":{"line":1338,"column":21}}},"160":{"name":"(anonymous_160)","line":1339,"loc":{"start":{"line":1339,"column":7},"end":{"line":1339,"column":29}}},"161":{"name":"extend","line":1358,"loc":{"start":{"line":1358,"column":0},"end":{"line":1358,"column":32}}},"162":{"name":"chunkArray","line":1365,"loc":{"start":{"line":1365,"column":0},"end":{"line":1365,"column":38}}},"163":{"name":"cleanETag","line":1373,"loc":{"start":{"line":1373,"column":0},"end":{"line":1373,"column":25}}},"164":{"name":"compareMultipartETag","line":1377,"loc":{"start":{"line":1377,"column":0},"end":{"line":1377,"column":51}}},"165":{"name":"getETagCount","line":1381,"loc":{"start":{"line":1381,"column":0},"end":{"line":1381,"column":28}}},"166":{"name":"keyOnly","line":1386,"loc":{"start":{"line":1386,"column":0},"end":{"line":1386,"column":23}}},"167":{"name":"encodeSpecialCharacters","line":1393,"loc":{"start":{"line":1393,"column":0},"end":{"line":1393,"column":43}}},"168":{"name":"(anonymous_168)","line":1396,"loc":{"start":{"line":1396,"column":50},"end":{"line":1396,"column":66}}},"169":{"name":"getPublicUrl","line":1401,"loc":{"start":{"line":1401,"column":0},"end":{"line":1401,"column":51}}},"170":{"name":"getPublicUrlHttp","line":1412,"loc":{"start":{"line":1412,"column":0},"end":{"line":1412,"column":39}}},"171":{"name":"toUnixSep","line":1421,"loc":{"start":{"line":1421,"column":0},"end":{"line":1421,"column":24}}},"172":{"name":"toNativeSep","lin
[...]
+ encodeSpecialCharacters(key),","  };","  return url.format(parts);","}","","function toUnixSep(str) {","  return str.replace(TO_UNIX_RE, \"/\");","}","","function toNativeSep(str) {","  return str.replace(/\\//g, path.sep);","}","","function quotemeta(str) {","    return String(str).replace(/(\\W)/g, '\\\\$1');","}","","function smallestPartSizeFromFileSize(fileSize) {","  var partSize = Math.ceil(fileSize / MAX_MULTIPART_COUNT);","  return (partSize < MIN_MULTIPART_SIZE) ? MIN_MULTIPART_SIZE : partSize;","}",""],"l":{"1":1,"2":1,"3":1,"4":1,"5":1,"6":1,"7":1,"8":1,"9":1,"10":1,"11":1,"12":1,"13":1,"14":1,"15":1,"16":1,"18":1,"19":1,"20":1,"21":1,"23":1,"25":1,"26":0,"29":1,"30":1,"32":1,"33":1,"34":1,"36":1,"37":1,"38":1,"39":1,"41":1,"42":0,"43":0,"44":0,"45":0,"46":0,"47":0,"48":0,"49":0,"50":0,"51":0,"53":0,"54":0,"56":0,"57":0,"59":0,"60":0,"62":0,"63":0,"67":1,"68":0,"69":0,"71":0,"76":0,"77":0,"78":0,"80":0,"81":0,"83":0,"84":0,"85":0,"86":0,"87":0,"89":0,"91":0,"93":1,"94":0,"95":0,"96":0,"97":0,"99":0,"100":0,"101":0,"102":0,"107":1,"108":0,"109":0,"110":0,"111":0,"112":0,"119":1,"120":0,"121":0,"122":0,"123":0,"124":0,"125":0,"127":0,"128":0,"129":0,"130":0,"131":0,"132":0,"134":0,"135":0,"136":0,"138":0,"140":0,"142":1,"143":0,"144":0,"145":0,"147":0,"148":0,"149":0,"152":1,"153":0,"156":1,"157":0,"158":0,"159":0,"160":0,"161":0,"162":0,"167":0,"169":0,"171":0,"172":0,"173":0,"174":0,"175":0,"180":1,"181":0,"182":0,"183":0,"184":0,"185":0,"187":0,"188":0,"189":0,"190":0,"191":0,"193":0,"195":0,"198":1,"199":0,"200":0,"201":0,"202":0,"203":0,"205":0,"209":1,"210":0,"211":0,"212":0,"213":0,"214":0,"221":0,"225":1,"226":0,"227":0,"228":0,"229":0,"230":0,"231":0,"232":0,"233":0,"235":0,"236":0,"240":0,"241":0,"243":0,"244":0,"245":0,"246":0,"250":1,"251":0,"252":0,"253":0,"254":0,"255":0,"256":0,"260":1,"261":0,"262":0,"263":0,"264":0,"265":0,"267":0,"268":0,"269":0,"270":0,"271":0,"273":0,"274":0,"275":0,"276":0,"278":0,"279":0,"280":0,"281":0,"282":0,"283":0,"284":0,"285":0,"286":0,"287":0,"288":0,"289":0,"291":0,"292":0,"293":0,"294":0,"295":0,"296":0,"297":0,"299":0,"300":0,"302":0,"303":0,"304":0,"305":0,"306":0,"307":0,"308":0,"309":0,"311":0,"312":0,"313":0,"314":0,"315":0,"316":0,"317":0,"319":0,"320":0,"327":1,"328":0,"329":0,"330":0,"331":0,"332":0,"333":0,"337":1,"338":0,"339":0,"340":0,"341":0,"342":0,"344":0,"352":0,"353":0,"354":0,"355":0,"360":1,"361":0,"362":0,"363":0,"364":0,"365":0,"366":0,"367":0,"372":1,"373":0,"374":0,"375":0,"376":0,"377":0,"378":0,"379":0,"380":0,"381":0,"382":0,"383":0,"384":0,"385":0,"386":0,"387":0,"390":0,"391":0,"392":0,"393":0,"395":0,"396":0,"397":0,"398":0,"399":0,"400":0,"401":0,"402":0,"403":0,"404":0,"405":0,"407":0,"408":0,"409":0,"410":0,"411":0,"413":0,"420":1,"421":0,"422":0,"423":0,"424":0,"426":0,"427":0,"428":0,"429":0,"430":0,"431":0,"434":0,"435":0,"436":0,"437":0,"439":0,"443":0,"445":1,"446":0,"447":0,"448":0,"449":0,"454":1,"455":0,"456":0,"457":0,"459":0,"460":0,"461":0,"462":0,"464":0,"465":0,"466":0,"467":0,"468":0,"469":0,"470":0,"472":0,"473":0,"474":0,"476":0,"477":0,"479":0,"480":0,"481":0,"482":0,"483":0,"485":0,"486":0,"487":0,"489":0,"492":0,"493":0,"494":0,"496":0,"497":0,"498":0,"501":0,"502":0,"503":0,"506":0,"508":1,"509":0,"510":0,"511":0,"512":0,"526":1,"527":0,"528":0,"529":0,"530":0,"531":0,"533":0,"534":0,"535":0,"536":0,"537":0,"538":0,"539":0,"541":0,"544":0,"545":0,"548":0,"550":1,"551":0,"552":0,"553":0,"554":0,"556":0,"557":0,"558":0,"559":0,"560":0,"562":0,"564":0,"565":0,"566":0,"569":0,"570":0,"573":0,"574":0,"577":1,"578":0,"579":0,"582":1,"583":0,"584":0,"585":0,"590":1,"591":0,"592":0,"593":0,"594":0,"595":0,"597":0,"598":0,"599":0,"600":0,"601":0,"602":0,"616":1,"617":0,"620":1,"621":0,"624":1,"625":0,"626":0,"627":0,"628":0,"629":0,"636":0,"637":0,"638":0,"639":0,"640":0,"641":0,"643":0,"644":0,"645":0,"646":0,"647":0,"650":1,"651":0,"659":0,"660":0,"661":0,"662":0,"664":0,"665":0,"666":0,"667":0,"671":0,"672":0,"673":0,"676":0,"679":1,"680":0,"681":0,"682":0,"683":0,"684":0,"685":0,"686":0,"688":0,"691":1,"692":0,"693":0,"694":0,"695":0,"699":1,"700":0,"702":0,"705":1,"706":0,"707":0,"708":0,"709":0,"710":0,"711":0,"712":0,"714":0,"715":0,"716":0,"717":0,"718":0,"719":0,"731":0,"732":0,"733":0,"735":0,"736":0,"737":0,"739":0,"740":0,"743":0,"746":1,"747":0,"748":0,"749":0,"751":0,"753":0,"754":0,"755":0,"756":0,"758":0,"761":0,"763":1,"764":0,"765":0,"766":0,"767":0,"772":1,"773":0,"774":0,"775":0,"776":0,"777":0,"778":0,"779":0,"781":0,"782":0,"783":0,"784":0,"785":0,"786":0,"787":0,"789":0,"790":0,"791":0,"793":0,"794":0,"796":0,"797":0,"798":0,"799":0,"800":0,"802":0,"803":0,"804":0,"806":0,"809":0,"810":0,"811":0,"813":0,"814":0,"815":0,"816":0,"820":0,"821":0,"822":0,"825":0,"827":1,"828":0,"829":0,"830":0,"831":0,"836":1,"837":0,"838":0,"839":0,"841":0,"842":0,"844":0,"846":1,"847":0,"848":0,"849":0,"850":0,"855":1,"856":0,"857":0,"858":0,"859":0,"860":0,"861":0,"862":0,"864":0,"865":0,"867":0,"869":0,"870":0,"871":0,"874":0,"877":0,"879":1,"880":0,"881":0,"882":0,"883":0,"888":1,"889":0,"890":0,"894":0,"895":0,"896":0,"897":0,"898":0,"899":0,"908":0,"909":0,"910":0,"915":0,"917":0,"918":0,"919":0,"920":0,"921":0,"922":0,"923":0,"924":0,"925":0,"926":0,"927":0,"929":0,"930":0,"931":0,"932":0,"933":0,"935":0,"936":0,"938":0,"940":1,"941":0,"942":0,"943":0,"944":0,"951":0,"952":0,"953":0,"954":0,"955":0,"956":0,"957":0,"961":1,"962":0,"964":0,"965":0,"969":0,"970":0,"973":0,"979":0,"981":0,"982":0,"985":0,"987":0,"990":0,"996":0,"997":0,"998":0,"1000":0,"1001":0,"1003":0,"1004":0,"1006":0,"1009":0,"1010":0,"1011":0,"1012":0,"1013":0,"1014":0,"1015":0,"1016":0,"1017":0,"1018":0,"1020":0,"1021":0,"1023":0,"1026":0,"1027":0,"1028":0,"1029":0,"1030":0,"1031":0,"1032":0,"1033":0,"1034":0,"1036":0,"1037":0,"1039":0,"1043":1,"1044":0,"1045":0,"1046":0,"1047":0,"1048":0,"1049":0,"1050":0,"1051":0,"1055":1,"1056":0,"1057":0,"1058":0,"1059":0,"1060":0,"1061":0,"1062":0,"1063":0,"1064":0,"1065":0,"1066":0,"1070":1,"1071":0,"1072":0,"1073":0,"1075":0,"1076":0,"1078":0,"1081":1,"1082":0,"1083":0,"1085":0,"1087":0,"1090":0,"1091":0,"1094":1,"1095":0,"1096":0,"1097":0,"1098":0,"1099":0,"1100":0,"1101":0,"1102":0,"1103":0,"1104":0,"1105":0,"1106":0,"1107":0,"1108":0,"1110":0,"1111":0,"1112":0,"1117":1,"1118":0,"1119":0,"1120":0,"1123":1,"1124":0,"1125":0,"1126":0,"1128":0,"1129":0,"1131":0,"1132":0,"1135":1,"1136":0,"1137":0,"1139":0,"1141":0,"1144":0,"1145":0,"1148":1,"1149":0,"1150":0,"1151":0,"1152":0,"1153":0,"1154":0,"1155":0,"1156":0,"1157":0,"1158":0,"1159":0,"1160":0,"1161":0,"1162":0,"1164":0,"1165":0,"1166":0,"1168":0,"1170":0,"1171":0,"1172":0,"1177":1,"1178":0,"1179":0,"1180":0,"1181":0,"1182":0,"1183":0,"1184":0,"1185":0,"1186":0,"1191":1,"1192":0,"1193":0,"1194":0,"1197":1,"1198":0,"1199":0,"1200":0,"1201":0,"1202":0,"1203":0,"1204":0,"1205":0,"1206":0,"1208":0,"1210":0,"1211":0,"1212":0,"1213":0,"1214":0,"1218":1,"1219":0,"1220":0,"1221":0,"1223":0,"1224":0,"1226":0,"1227":0,"1228":0,"1229":0,"1230":0,"1232":0,"1235":0,"1239":1,"1240":0,"1241":0,"1243":1,"1244":0,"1245":0,"1246":0,"1247":0,"1248":0,"1249":0,"1250":0,"1252":0,"1253":0,"1254":0,"1255":0,"1257":0,"1258":0,"1259":0,"1260":0,"1261":0,"1262":0,"1263":0,"1264":0,"1265":0,"1267":0,"1268":0,"1269":0,"1270":0,"1271":0,"1272":0,"1273":0,"1275":0,"1276":0,"1280":1,"1281":0,"1282":0,"1283":0,"1284":0,"1287":0,"1288":0,"1290":0,"1293":0,"1294":0,"1297":0,"1298":0,"1299":0,"1300":0,"1301":0,"1302":0,"1303":0,"1305":0,"1306":0,"1307":0,"1308":0,"1309":0,"1310":0,"1311":0,"1312":0,"1313":0,"1315":0,"1316":0,"1321":1,"1322":0,"1325":1,"1326":0,"1329":1,"1330":0,"1333":1,"1334":0,"1336":0,"1338":1,"1339":0,"1340":0,"1341":0,"1342":0,"1344":0,"1345":0,"1346":0,"1348":0,"1352":0,"1358":1,"1359":0,"1360":0,"1362":0,"1365":1,"1366":0,"1367":0,"1368":0,"1370":0,"1373":1,"1374":0,"1377":1,"1378":0,"1381":1,"1382":0,"1383":0,"1386":1,"1387":0,"1393":1,"1396":0,"1397":0,"1401":1,"1402":0,"1403":0,"1404":0,"1409":0,"1412":1,"1413":0,"1418":0,"1421":1,"1422":0,"1425":1,"1426":0,"1429":1,"1430":1,"1433":1,"1434":0,"1435":0}},"/home/travis/build/npmtest/node-npmtest-s3/node_modules/s3/lib/multipart_etag.js":{"path":"/home/travis/build/npmtest/node-npmtest-s3/node_modules/s3/lib/multipart_etag.js","s":{"1":1,"2":1,"3":1,"4":1,"5":1,"6":1,"7":1,"8":1,"9":1,"10":1,"11":0,"12":0,"13":0,"14":0,"15":0,"16":0,"17":0,"18":0,"19":0,"20":0,"21":0,"22":0,"23":0,"24":1,"25":0,"26":0,"27":0,"28":0,"29":0,"30":0,"31":0,"32":0,"33":0,"34":0,"35":0,"36":0,"37":0,"38":0,"39":0,"40":1,"41":0,"42":0,"43":0,"44":0,"45":0,"46":0,"47":0,"48":0,"49":0,"50":0,"51":0,"52":0,"53":0,"54":0,"55":1,"56":0,"57":0,"58":0,"59":0,"60":0,"61":0,"62":1,"63":0,"64":0,"65":0},"b":{"1":[0,0],"2":[0,0],"3":[0,0],"4":[0,0],"5":[0,0],"6":[0,0],"7":[0,0],"8":[0,0],"9":[0,0],"10":[0,0],"11":[0,0]},"f":{"1":0,"2":0,"3":0,"4":0,"5":0},"fnMap":{"1":{"name":"MultipartETag","line":23,"loc":{"start":{"line":23,"column":0},"end":{"line":23,"column":32}}},"2":{"name":"(anonymous_2)","line":54,"loc":{"start":{"line":54,"column":37},"end":{"line":54,"column":73}}},"3":{"name":"(anonymous_3)","line":75,"loc":{"start":{"line":75,"column":33},"end":{"line":75,"column":52}}},"4":{"name":"(anonymous_4)","line":95,"loc":{"start":{"line":95,"column":35},"end":{"line":95,"column":50}}},"5":{"name":"guessPartSizeFromSizeAndCount","line":107,"loc":{"start":{"line":107,"column":0},"end":{"line":107,"column":52}}}},"statementMap":{"1":{"start":{"line":1,"column":0},"end":{"line":1,"column":44}},"2":{"start":{"line":2,"column":0},"end":{"line":2,"column":27}},"3":{"start":{"line":3,"column":0},"end":{"line":3,"column":31}},"4":{"start":{"line":15,"column":0},"end":{"line":15,"column":47}},"5":{"start":{"line":16,"column":0},"end":{"line":16,"column":41}},"6":{"start":{"line":17,"column":0},"end":{"line":17,"column":41}},"7":{"start":{"line":18,"column":0},"end":{"line":18,"column":40}},"8":{"start":{"line":20,"column":0},"end":{"line":20,"column":31}},"9":{"start":{"line":22,"column":0},"end":{"line":22,"column":40}},"10":{"start":{"line":23,"column":0},"end":{"line":52,"column":1}},"11":{"start":{"line":24,"column":2},"end":{"line":24,"column":26}},"12":{"start":{"line":25,"column":2},"end":{"line":25,"column":32}},"13":{"start":{"line":26,"column":2},"end":{"line":31,"column":4}},"14":{"start":{"line":32,"column":2},"end":{"line":38,"column":3}},"15":{"start":{"line":33,"column":4},"end":{"line":37,"column":5}},"16":{"start":{"line":34,"column":6},"end":{"line":34,"column":34}},"17":{"start":{"line":36,"column":6},"end":{"line":36,"column":77}},"18":{"start":{"line":39,"column":2},"end":{"line":39,"column":17}},"19":{"start":{"line":40,"column":2},"end":{"line":40,"column":17}},"20":{"start":{"line":41,"column":2},"end":{"line":41,"column":21}},"21":{"start":{"line":42,"column":2},"end":{"line":42,"column":20}},"22":{"start":{"line":43,"column":2},"end":{"line":51,"column":3}},"23":{"start":{"line":44,"column":4},"end":{"line":50,"column":7}},"24":{"start":{"line":54,"column":0},"end":{"line":73,"column":2}},"25":{"start":{"line":55,"column":2},"end":{"line":55,"column":29}},"26":{"start":{"line":56,"column":2},"end":{"line":70,"column":3}},"27":{"start":{"line":57,"column":4},"end":{"line":57,"column":30}},"28":{"start":{"line":58,"column":4},"end":{"line":58,"column":57}},"29":{"start":{"line":59,"column":4},"end":{"line":69,"column":5}},"30":{"start":{"line":60,"column":6},"end":{"line":60,"column":40}},"31":{"start":{"line":61,"column":6},"end":{"line":61,"column":42}},"32":{"start":{"line":63,"column":6},"end":{"line":63,"column":55}},"33":{"start":{"line":64,"column":6},"end":{"line":64,"column":63}},"34":{"start":{"line":65,"column":6},"end":{"line":65,"column":48}},"35":{"start":{"line":66,"column":6},"end":{"line":66,"column":45}},"36":{"start":{"line":67,"column":6},"end":{"line":67,"column":60}},"37":{"start":{"line":68,"column":6},"end":{"line":68,"column":52}},"38":{"start":{"line":71,"column":2},"end":{"line":71,"column":24}},"39":{"start":{"line":72,"column":2},"end":{"line":72,"column":13}},"40":{"start":{"line":75,"column":0},"end":{"line":93,"column":2}},"41":{"start":{"line":76,"column":2},"end":{"line":89,"column":3}},"42":{"start":{"line":77,"column":4},"end":{"line":77,"column":30}},"43":{"start":{"line":78,"column":4},"end":{"line":78,"column":38}},"44":{"start":{"line":79,"column":4},"end":{"line":79,"column":32}},"45":{"start":{"line":80,"column":4},"end":{"line":80,"column":45}},"46":{"start":{"line":81,"column":4},"end":{"line":84,"column":5}},"47":{"start":{"line":82,"column":6},"end":{"line":82,"column":41}},"48":{"start":{"line":83,"column":6},"end":{"line":83,"column":31}},"49":{"start":{"line":85,"column":4},"end":{"line":85,"column":72}},"50":{"start":{"line":86,"column":4},"end":{"line":88,"column":5}},"51":{"start":{"line":87,"column":6},"end":{"line":87,"column":27}},"52":{"start":{"line":90,"column":2},"end":{"line":90,"column":19}},"53":{"start":{"line":91,"column":2},"end":{"line":91,"column":18}},"54":{"start":{"line":92,"column":2},"end":{"line":92,"column":13}},"55":{"start":{"line":95,"column":0},"end":{"line":105,"column":2}},"56":{"start":{"line":96,"column":2},"end":{"line":98,"column":3}},"57":{"start":{"line":97,"column":4},"end":{"line":97,"column":16}},"58":{"start":{"line":99,"column":2},"end":{"line":103,"column":3}},"59":{"start":{"line":100,"column":4},"end":{"line":102,"column":5}},"60":{"start":{"line":101,"column":6},"end":{"line":101,"column":18}},"61":{"start":{"line":104,"column":2},"end":{"line":104,"column":15}},"62":{"start":{"line":107,"column":0},"end":{"line":111,"column":1}},"63":{"start":{"line":108,"column":2},"end":{"line":108,"column":29}},"64":{"start":{"line":109,"column":2},"end":{"line":109,"column":36}},"65":{"start":{"line":110,"column":2},"end":{"line":110,"column":57}}},"branchMap":{"1":{"line":24,"type":"binary-expr","locations":[{"start":{"line":24,"column":12},"end":{"line":24,"column":19}},{"start":{"line":24,"column":23},"end":{"line":24,"column":25}}]},"2":{"line":32,"type":"if","locations":[{"start":{"line":32,"column":2},"end":{"line":32,"column":2}},{"start":{"line":32,"column":2},"end":{"line":32,"column":2}}]},"3":{"line":32,"type":"binary-expr","locations":[{"start":{"line":32,"column":6},"end":{"line":32,"column":26}},{"start":{"line":32,"column":30},"end":{"line":32,"column":51}}]},"4":{"line":33,"type":"if","locations":[{"start":{"line":33,"column":4},"end":{"line":33,"column":4}},{"start":{"line":33,"column":4},"end":{"line":33,"column":4}}]},"5":{"line":59,"type":"if","locations":[{"start":{"line":59,"column":4},"end":{"line":59,"column":4}},{"start":{"line":59,"column":4},"end":{"line":59,"column":4}}]},"6":{"line":86,"type":"if","locations":[{"start":{"line":86,"column":4},"end":{"line":86,"column":4}},{"start":{"line":86,"column":4},"end":{"line":86,"column":4}}]},"7":{"line":86,"type":"binary-expr","locations":[{"start":{"line":86,"column":8},"end":{"line":86,"column":15}},{"start":{"line":86,"column":19},"end":{"line":86,"column":46}}]},"8":{"line":96,"type":"if","locations":[{"start":{"line":96,"column":2},"end":{"line":96,"column":2}},{"start":{"line":96,"column":2},"end":{"line":96,"column":2}}]},"9":{"line":96,"type":"binary-expr","locations":[{"start":{"line":96,"column":6},"end":{"line":96,"column":17}},{"start":{"line":96,"column":21},"end":{"line":96,"column":57}}]},"10":{"line":100,"type":"if","locations":[{"start":{"line":100,"column":4},"end":{"line":100,"column":4}},{"start":{"line":100,"column":4},"end":{"line":100,"column":4}}]},"11":{"line":110,"type":"cond-expr","locations":[{"start":{"line":110,"column":33},"end":{"line":110,"column":40}},{"start":{"line":110,"column":44},"end":{"line":110,"column":55}}]}},"code":["var Transform = require('stream').Transform;","var util = require('util');","var crypto = require('crypto');","","/* For objects uploaded via a single request to S3, the ETag is simply the hex"," * string of the MD5 digest. However for multipart uploads, the ETag is more"," * complicated. It is the MD5 digest of each part concatenated, and then the"," * MD5 digest of *that*, followed by '-', followed by the part count."," *"," * Sadly, this means there is no way to be sure whether a local file matches a"," * remote object. The best we can do is hope that the software used to upload"," * to S3 used a fixed part size, and that it was one of a few common sizes."," */","","var maximumUploadSize = 5 * 1024 * 1024 * 1024;","var commonUploadSize1 = 10 * 1024 * 1024;","var commonUploadSize2 = 15 * 1024 * 1024;","var minimumUploadSize = 5 * 1024 * 1024;","","module.exports = MultipartETag;","","util.inherits(MultipartETag, Transform);","function MultipartETag(options) {","  options = options || {};","  Transform.call(this, options);","  var sizes = [","    maximumUploadSize,","    minimumUploadSize,","    commonUploadSize1,","    commonUploadSize2,","  ];","  if (options.size != null && options.count != null) {","    if (options.count === 1) {","      sizes = [maximumUploadSize];","    } else {","      sizes.push(guessPartSizeFromSizeAndCount(options.size, options.count));","    }","  }","  this.sums = [];","  this.bytes = 0;","  this.digest = null; // if it is less than maximumUploadSize","  this.done = false;","  for (var i = 0; i < sizes.length; i += 1) {","    this.sums.push({","      size: sizes[i],","      hash: crypto.createHash('md5'),","      amtWritten: 0,","      digests: [],","      eTag: null,","    });","  }","}","","MultipartETag.prototype._transform = function(chunk, encoding, callback) {","  this.bytes += chunk.length;","  for (var i = 0; i < this.sums.length; i += 1) {","    var sumObj = this.sums[i];","    var newAmtWritten = sumObj.amtWritten + chunk.length;","    if (newAmtWritten <= sumObj.size) {","      sumObj.amtWritten = newAmtWritten;","      sumObj.hash.update(chunk, encoding);","    } else {","      var finalBytes = sumObj.size - sumObj.amtWritten;","      sumObj.hash.update(chunk.slice(0, finalBytes), encoding);","      sumObj.digests.push(sumObj.hash.digest());","      sumObj.hash = crypto.createHash('md5');","      sumObj.hash.update(chunk.slice(finalBytes), encoding);","      sumObj.amtWritten = chunk.length - finalBytes;","    }","  }","  this.emit('progress');","  callback();","};","","MultipartETag.prototype._flush = function(callback) {","  for (var i = 0; i < this.sums.length; i += 1) {","    var sumObj = this.sums[i];","    var digest = sumObj.hash.digest();","    sumObj.digests.push(digest);","    var finalHash = crypto.createHash('md5');","    for (var partIndex = 0; partIndex < sumObj.digests.length; partIndex += 1) {","      digest = sumObj.digests[partIndex];","      finalHash.update(digest);","    }","    sumObj.eTag = finalHash.digest('hex') + '-' + sumObj.digests.length;","    if (i === 0 && sumObj.digests.length === 1) {","      this.digest = digest;","    }","  }","  this.done = true;","  this.push(null);","  callback();","};","","MultipartETag.prototype.anyMatch = function(eTag) {","  if (this.digest && this.digest.toString('hex') === eTag) {","    return true;","  }","  for (var i = 0; i < this.sums.length; i += 1) {","    if (this.sums[i].eTag === eTag) {","      return true;","    }","  }","  return false;","};","","function guessPartSizeFromSizeAndCount(size, count) {","  var divided = size / count;","  var floored = Math.floor(divided);","  return (divided === floored) ? divided : (floored + 1);","}",""],"l":{"1":1,"2":1,"3":1,"15":1,"16":1,"17":1,"18":1,"20":1,"22":1,"23":1,"24":0,"25":0,"26":0,"32":0,"33":0,"34":0,"36":0,"39":0,"40":0,"41":0,"42":0,"43":0,"44":0,"54":1,"55":0,"56":0,"57":0,"58":0,"59":0,"60":0,"61":0,"63":0,"64":0,"65":0,"66":0,"67":0,"68":0,"71":0,"72":0,"75":1,"76":0,"77":0,"78":0,"79":0,"80":0,"81":0,"82":0,"83":0,"85":0,"86":0,"87":0,"90":0,"91":0,"92":0,"95":1,"96":0,"97":0,"99":0,"100":0,"101":0,"104":0,"107":1,"108":0,"109":0,"110":0}}}